This file contains any messages produced by compilers while
running configure, to aid debugging if configure makes a mistake.

It was created by configure, which was
generated by GNU Autoconf 2.61.  Invocation command line was

  $ ./configure --prefix=/home/korki/official_wdtv/villa_1.05.04_V_G/src/libs/../../build/binary/third_party_build/ --build=x86_64 --host=mipsel-linux --enable-shared=yes LDFLAGS=-L/home/korki/official_wdtv/villa_1.05.04_V_G/src/libs/../../build/binary/third_party_build//lib

## --------- ##
## Platform. ##
## --------- ##

hostname = di5
uname -m = x86_64
uname -r = 2.6.38-2-amd64
uname -s = Linux
uname -v = #1 SMP Sun May 8 13:51:57 UTC 2011

/usr/bin/uname -p = unknown
/bin/uname -X     = unknown

/bin/arch              = unknown
/usr/bin/arch -k       = unknown
/usr/convex/getsysinfo = unknown
/usr/bin/hostinfo      = unknown
/bin/machine           = unknown
/usr/bin/oslevel       = unknown
/bin/universe          = unknown

PATH: /usr/local/bin
PATH: /usr/bin
PATH: /bin
PATH: /usr/local/games
PATH: /usr/games
PATH: /opt/mips-4.3/bin/
PATH: /opt/mips-4.3/bin/
PATH: /opt/mips-4.3/bin/


## ----------- ##
## Core tests. ##
## ----------- ##

configure:2160: checking for a BSD-compatible install
configure:2216: result: /usr/bin/install -c
configure:2227: checking whether build environment is sane
configure:2270: result: yes
configure:2298: checking for a thread-safe mkdir -p
configure:2337: result: /bin/mkdir -p
configure:2350: checking for gawk
configure:2366: found /usr/bin/gawk
configure:2377: result: gawk
configure:2388: checking whether make sets $(MAKE)
configure:2409: result: yes
configure:2489: checking for mipsel-linux-strip
configure:2516: result: /opt/mips-4.3/bin//mipsel-linux-strip
configure:2599: checking whether make sets $(MAKE)
configure:2620: result: yes
configure:2639: checking for mipsel-linux-gcc
configure:2666: result: /opt/mips-4.3/bin//mipsel-linux-gcc
configure:2944: checking for C compiler version
configure:2951: /opt/mips-4.3/bin//mipsel-linux-gcc --version >&5
mips-linux-gnu-gcc (Sourcery G++ Lite 4.3-51) 4.3.2
Copyright (C) 2008 Free Software Foundation, Inc.
This is free software; see the source for copying conditions.  There is NO
warranty; not even for MERCHANTABILITY or FITNESS FOR A PARTICULAR PURPOSE.

configure:2954: $? = 0
configure:2961: /opt/mips-4.3/bin//mipsel-linux-gcc -v >&5
Using built-in specs.
Target: mips-linux-gnu
Configured with: /scratch/clm/2008q3-src/src/gcc-4.3/configure --build=i686-pc-linux-gnu --host=i686-pc-linux-gnu --target=mips-linux-gnu --enable-threads --disable-libmudflap --disable-libssp --disable-libstdcxx-pch --with-arch=mips32r2 --with-float=hard --enable-mips-nonpic --enable-extra-sgxxlite-multilibs --with-gnu-as --with-gnu-ld --enable-languages=c,c++ --enable-shared --enable-symvers=gnu --enable-__cxa_atexit --with-pkgversion='Sourcery G++ Lite 4.3-51' --with-bugurl=https://support.codesourcery.com/GNUToolchain/ --disable-nls --prefix=/opt/codesourcery --with-sysroot=/opt/codesourcery/mips-linux-gnu/libc --with-build-sysroot=/scratch/clm/2008q3-lite/install/mips-linux-gnu/libc --with-gmp=/scratch/clm/2008q3-lite/obj/host-libs-4.3-51-mips-linux-gnu-i686-pc-linux-gnu/usr --with-mpfr=/scratch/clm/2008q3-lite/obj/host-libs-4.3-51-mips-linux-gnu-i686-pc-linux-gnu/usr --disable-libgomp --enable-poison-system-directories --with-build-time-tools=/scratch/clm/2008q3-lite/install/mips-linux-gnu/bin --with-build-time-tools=/scratch/clm/2008q3-lite/install/mips-linux-gnu/bin
Thread model: posix
gcc version 4.3.2 (Sourcery G++ Lite 4.3-51) 
configure:2964: $? = 0
configure:2971: /opt/mips-4.3/bin//mipsel-linux-gcc -V >&5
mips-linux-gnu-gcc: '-V' must come at the start of the command line
configure:2974: $? = 1
configure:2997: checking for C compiler default output file name
configure:3024: /opt/mips-4.3/bin//mipsel-linux-gcc   -L/home/korki/official_wdtv/villa_1.05.04_V_G/src/libs/../../build/binary/third_party_build//lib conftest.c  >&5
configure:3027: $? = 0
configure:3065: result: a.out
configure:3082: checking whether the C compiler works
configure:3112: result: yes
configure:3119: checking whether we are cross compiling
configure:3121: result: yes
configure:3124: checking for suffix of executables
configure:3131: /opt/mips-4.3/bin//mipsel-linux-gcc -o conftest   -L/home/korki/official_wdtv/villa_1.05.04_V_G/src/libs/../../build/binary/third_party_build//lib conftest.c  >&5
configure:3134: $? = 0
configure:3158: result: 
configure:3164: checking for suffix of object files
configure:3190: /opt/mips-4.3/bin//mipsel-linux-gcc -c   conftest.c >&5
configure:3193: $? = 0
configure:3216: result: o
configure:3220: checking whether we are using the GNU C compiler
configure:3249: /opt/mips-4.3/bin//mipsel-linux-gcc -c   conftest.c >&5
configure:3255: $? = 0
configure:3272: result: yes
configure:3277: checking whether /opt/mips-4.3/bin//mipsel-linux-gcc accepts -g
configure:3307: /opt/mips-4.3/bin//mipsel-linux-gcc -c -g  conftest.c >&5
configure:3313: $? = 0
configure:3412: result: yes
configure:3429: checking for /opt/mips-4.3/bin//mipsel-linux-gcc option to accept ISO C89
configure:3503: /opt/mips-4.3/bin//mipsel-linux-gcc  -c -g -O2  conftest.c >&5
configure:3509: $? = 0
configure:3532: result: none needed
configure:3561: checking for style of include used by make
configure:3589: result: GNU
configure:3614: checking dependency style of /opt/mips-4.3/bin//mipsel-linux-gcc
configure:3705: result: none
configure:3725: checking how to run the C preprocessor
configure:3841: result: /opt/mips-4.3/bin//mipsel-linux-cpp -E
configure:3870: /opt/mips-4.3/bin//mipsel-linux-cpp -E  conftest.c
configure:3876: $? = 0
configure:3907: /opt/mips-4.3/bin//mipsel-linux-cpp -E  conftest.c
conftest.c:10:28: error: ac_nonexistent.h: No such file or directory
configure:3913: $? = 1
configure: failed program was:
| /* confdefs.h.  */
| #define PACKAGE_NAME ""
| #define PACKAGE_TARNAME ""
| #define PACKAGE_VERSION ""
| #define PACKAGE_STRING ""
| #define PACKAGE_BUGREPORT ""
| #define PACKAGE "libiconv"
| #define VERSION "1.12"
| /* end confdefs.h.  */
| #include <ac_nonexistent.h>
configure:3963: checking for a BSD-compatible install
configure:4019: result: /usr/bin/install -c
configure:4038: checking build system type
configure:4056: result: x86_64-pc-none
configure:4078: checking host system type
configure:4093: result: mipsel-unknown-linux-gnu
configure:4126: checking for mipsel-linux-ranlib
configure:4153: result: /opt/mips-4.3/bin//mipsel-linux-ranlib
configure:4220: checking whether /opt/mips-4.3/bin//mipsel-linux-gcc and cc understand -c and -o together
configure:4255: /opt/mips-4.3/bin//mipsel-linux-gcc -c conftest.c -o conftest2.o >&5
configure:4258: $? = 0
configure:4264: /opt/mips-4.3/bin//mipsel-linux-gcc -c conftest.c -o conftest2.o >&5
configure:4267: $? = 0
configure:4278: cc -c conftest.c >&5
configure:4281: $? = 0
configure:4289: cc -c conftest.c -o conftest2.o >&5
configure:4292: $? = 0
configure:4298: cc -c conftest.c -o conftest2.o >&5
configure:4301: $? = 0
configure:4319: result: yes
configure:4353: checking for grep that handles long lines and -e
configure:4427: result: /bin/grep
configure:4432: checking for egrep
configure:4510: result: /bin/grep -E
configure:4515: checking for ANSI C header files
configure:4545: /opt/mips-4.3/bin//mipsel-linux-gcc -c -g -O2  conftest.c >&5
configure:4551: $? = 0
configure:4679: result: yes
configure:4703: checking for sys/types.h
configure:4724: /opt/mips-4.3/bin//mipsel-linux-gcc -c -g -O2  conftest.c >&5
configure:4730: $? = 0
configure:4746: result: yes
configure:4703: checking for sys/stat.h
configure:4724: /opt/mips-4.3/bin//mipsel-linux-gcc -c -g -O2  conftest.c >&5
configure:4730: $? = 0
configure:4746: result: yes
configure:4703: checking for stdlib.h
configure:4724: /opt/mips-4.3/bin//mipsel-linux-gcc -c -g -O2  conftest.c >&5
configure:4730: $? = 0
configure:4746: result: yes
configure:4703: checking for string.h
configure:4724: /opt/mips-4.3/bin//mipsel-linux-gcc -c -g -O2  conftest.c >&5
configure:4730: $? = 0
configure:4746: result: yes
configure:4703: checking for memory.h
configure:4724: /opt/mips-4.3/bin//mipsel-linux-gcc -c -g -O2  conftest.c >&5
configure:4730: $? = 0
configure:4746: result: yes
configure:4703: checking for strings.h
configure:4724: /opt/mips-4.3/bin//mipsel-linux-gcc -c -g -O2  conftest.c >&5
configure:4730: $? = 0
configure:4746: result: yes
configure:4703: checking for inttypes.h
configure:4724: /opt/mips-4.3/bin//mipsel-linux-gcc -c -g -O2  conftest.c >&5
configure:4730: $? = 0
configure:4746: result: yes
configure:4703: checking for stdint.h
configure:4724: /opt/mips-4.3/bin//mipsel-linux-gcc -c -g -O2  conftest.c >&5
configure:4730: $? = 0
configure:4746: result: yes
configure:4703: checking for unistd.h
configure:4724: /opt/mips-4.3/bin//mipsel-linux-gcc -c -g -O2  conftest.c >&5
configure:4730: $? = 0
configure:4746: result: yes
configure:4769: checking minix/config.h usability
configure:4786: /opt/mips-4.3/bin//mipsel-linux-gcc -c -g -O2  conftest.c >&5
conftest.c:54:26: error: minix/config.h: No such file or directory
configure:4792: $? = 1
configure: failed program was:
| /* confdefs.h.  */
| #define PACKAGE_NAME ""
| #define PACKAGE_TARNAME ""
| #define PACKAGE_VERSION ""
| #define PACKAGE_STRING ""
| #define PACKAGE_BUGREPORT ""
| #define PACKAGE "libiconv"
| #define VERSION "1.12"
| #define _GNU_SOURCE 1
| #define STDC_HEADERS 1
| #define HAVE_SYS_TYPES_H 1
| #define HAVE_SYS_STAT_H 1
| #define HAVE_STDLIB_H 1
| #define HAVE_STRING_H 1
| #define HAVE_MEMORY_H 1
| #define HAVE_STRINGS_H 1
| #define HAVE_INTTYPES_H 1
| #define HAVE_STDINT_H 1
| #define HAVE_UNISTD_H 1
| /* end confdefs.h.  */
| #include <stdio.h>
| #ifdef HAVE_SYS_TYPES_H
| # include <sys/types.h>
| #endif
| #ifdef HAVE_SYS_STAT_H
| # include <sys/stat.h>
| #endif
| #ifdef STDC_HEADERS
| # include <stdlib.h>
| # include <stddef.h>
| #else
| # ifdef HAVE_STDLIB_H
| #  include <stdlib.h>
| # endif
| #endif
| #ifdef HAVE_STRING_H
| # if !defined STDC_HEADERS && defined HAVE_MEMORY_H
| #  include <memory.h>
| # endif
| # include <string.h>
| #endif
| #ifdef HAVE_STRINGS_H
| # include <strings.h>
| #endif
| #ifdef HAVE_INTTYPES_H
| # include <inttypes.h>
| #endif
| #ifdef HAVE_STDINT_H
| # include <stdint.h>
| #endif
| #ifdef HAVE_UNISTD_H
| # include <unistd.h>
| #endif
| #include <minix/config.h>
configure:4806: result: no
configure:4810: checking minix/config.h presence
configure:4825: /opt/mips-4.3/bin//mipsel-linux-cpp -E  conftest.c
conftest.c:21:26: error: minix/config.h: No such file or directory
configure:4831: $? = 1
configure: failed program was:
| /* confdefs.h.  */
| #define PACKAGE_NAME ""
| #define PACKAGE_TARNAME ""
| #define PACKAGE_VERSION ""
| #define PACKAGE_STRING ""
| #define PACKAGE_BUGREPORT ""
| #define PACKAGE "libiconv"
| #define VERSION "1.12"
| #define _GNU_SOURCE 1
| #define STDC_HEADERS 1
| #define HAVE_SYS_TYPES_H 1
| #define HAVE_SYS_STAT_H 1
| #define HAVE_STDLIB_H 1
| #define HAVE_STRING_H 1
| #define HAVE_MEMORY_H 1
| #define HAVE_STRINGS_H 1
| #define HAVE_INTTYPES_H 1
| #define HAVE_STDINT_H 1
| #define HAVE_UNISTD_H 1
| /* end confdefs.h.  */
| #include <minix/config.h>
configure:4845: result: no
configure:4873: checking for minix/config.h
configure:4880: result: no
configure:4911: checking whether it is safe to define __EXTENSIONS__
configure:4939: /opt/mips-4.3/bin//mipsel-linux-gcc -c -g -O2  conftest.c >&5
configure:4945: $? = 0
configure:4960: result: yes
configure:5017: checking for ld used by GCC
configure:5081: result: /opt/mips-4.3/bin//mipsel-linux-ld
configure:5090: checking if the linker (/opt/mips-4.3/bin//mipsel-linux-ld) is GNU ld
configure:5103: result: yes
configure:5109: checking for shared library path variable
configure:5122: result: LD_LIBRARY_PATH
configure:5127: checking whether to activate relocatable installation
configure:5142: result: no
configure:5479: checking how to copy files
configure:5495: result: cp -p
configure:5499: checking how to make hard links
configure:5515: result: ln
configure:5519: checking whether ln -s works
configure:5523: result: yes
configure:5611: checking for a sed that does not truncate output
configure:5667: result: /bin/sed
configure:5681: checking for ld used by /opt/mips-4.3/bin//mipsel-linux-gcc
configure:5748: result: /opt/mips-4.3/bin//mipsel-linux-ld
configure:5757: checking if the linker (/opt/mips-4.3/bin//mipsel-linux-ld) is GNU ld
configure:5772: result: yes
configure:5777: checking for /opt/mips-4.3/bin//mipsel-linux-ld option to reload object files
configure:5784: result: -r
configure:5802: checking for BSD-compatible nm
configure:5851: result: /opt/mips-4.3/bin//mipsel-linux-nm
configure:5855: checking how to recognize dependent libraries
configure:6041: result: pass_all
configure:6579: checking dlfcn.h usability
configure:6596: /opt/mips-4.3/bin//mipsel-linux-gcc -c -g -O2  conftest.c >&5
configure:6602: $? = 0
configure:6616: result: yes
configure:6620: checking dlfcn.h presence
configure:6635: /opt/mips-4.3/bin//mipsel-linux-cpp -E  conftest.c
configure:6641: $? = 0
configure:6655: result: yes
configure:6683: checking for dlfcn.h
configure:6691: result: yes
configure:6718: checking for mipsel-linux-g++
configure:6734: found /opt/mips-4.3/bin//mipsel-linux-g++
configure:6745: result: mipsel-linux-g++
configure:6820: checking for C++ compiler version
configure:6827: mipsel-linux-g++ --version >&5
mips-linux-gnu-g++ (Sourcery G++ Lite 4.3-51) 4.3.2
Copyright (C) 2008 Free Software Foundation, Inc.
This is free software; see the source for copying conditions.  There is NO
warranty; not even for MERCHANTABILITY or FITNESS FOR A PARTICULAR PURPOSE.

configure:6830: $? = 0
configure:6837: mipsel-linux-g++ -v >&5
Using built-in specs.
Target: mips-linux-gnu
Configured with: /scratch/clm/2008q3-src/src/gcc-4.3/configure --build=i686-pc-linux-gnu --host=i686-pc-linux-gnu --target=mips-linux-gnu --enable-threads --disable-libmudflap --disable-libssp --disable-libstdcxx-pch --with-arch=mips32r2 --with-float=hard --enable-mips-nonpic --enable-extra-sgxxlite-multilibs --with-gnu-as --with-gnu-ld --enable-languages=c,c++ --enable-shared --enable-symvers=gnu --enable-__cxa_atexit --with-pkgversion='Sourcery G++ Lite 4.3-51' --with-bugurl=https://support.codesourcery.com/GNUToolchain/ --disable-nls --prefix=/opt/codesourcery --with-sysroot=/opt/codesourcery/mips-linux-gnu/libc --with-build-sysroot=/scratch/clm/2008q3-lite/install/mips-linux-gnu/libc --with-gmp=/scratch/clm/2008q3-lite/obj/host-libs-4.3-51-mips-linux-gnu-i686-pc-linux-gnu/usr --with-mpfr=/scratch/clm/2008q3-lite/obj/host-libs-4.3-51-mips-linux-gnu-i686-pc-linux-gnu/usr --disable-libgomp --enable-poison-system-directories --with-build-time-tools=/scratch/clm/2008q3-lite/install/mips-linux-gnu/bin --with-build-time-tools=/scratch/clm/2008q3-lite/install/mips-linux-gnu/bin
Thread model: posix
gcc version 4.3.2 (Sourcery G++ Lite 4.3-51) 
configure:6840: $? = 0
configure:6847: mipsel-linux-g++ -V >&5
mips-linux-gnu-g++: argument to '-V' missing

configure:6850: $? = 1
configure:6853: checking whether we are using the GNU C++ compiler
configure:6882: mipsel-linux-g++ -c   conftest.cpp >&5
configure:6888: $? = 0
configure:6905: result: yes
configure:6910: checking whether mipsel-linux-g++ accepts -g
configure:6940: mipsel-linux-g++ -c -g  conftest.cpp >&5
configure:6946: $? = 0
configure:7045: result: yes
configure:7070: checking dependency style of mipsel-linux-g++
configure:7161: result: none
configure:7186: checking how to run the C++ preprocessor
configure:7222: mipsel-linux-g++ -E  conftest.cpp
configure:7228: $? = 0
configure:7259: mipsel-linux-g++ -E  conftest.cpp
conftest.cpp:28:28: error: ac_nonexistent.h: No such file or directory
configure:7265: $? = 1
configure: failed program was:
| /* confdefs.h.  */
| #define PACKAGE_NAME ""
| #define PACKAGE_TARNAME ""
| #define PACKAGE_VERSION ""
| #define PACKAGE_STRING ""
| #define PACKAGE_BUGREPORT ""
| #define PACKAGE "libiconv"
| #define VERSION "1.12"
| #define _GNU_SOURCE 1
| #define STDC_HEADERS 1
| #define HAVE_SYS_TYPES_H 1
| #define HAVE_SYS_STAT_H 1
| #define HAVE_STDLIB_H 1
| #define HAVE_STRING_H 1
| #define HAVE_MEMORY_H 1
| #define HAVE_STRINGS_H 1
| #define HAVE_INTTYPES_H 1
| #define HAVE_STDINT_H 1
| #define HAVE_UNISTD_H 1
| #define __EXTENSIONS__ 1
| #define _ALL_SOURCE 1
| #define _GNU_SOURCE 1
| #define _POSIX_PTHREAD_SEMANTICS 1
| #define _TANDEM_SOURCE 1
| #define INSTALLPREFIX "/home/korki/official_wdtv/villa_1.05.04_V_G/src/libs/../../build/binary/third_party_build/"
| #define HAVE_DLFCN_H 1
| /* end confdefs.h.  */
| #include <ac_nonexistent.h>
configure:7298: result: mipsel-linux-g++ -E
configure:7327: mipsel-linux-g++ -E  conftest.cpp
configure:7333: $? = 0
configure:7364: mipsel-linux-g++ -E  conftest.cpp
conftest.cpp:28:28: error: ac_nonexistent.h: No such file or directory
configure:7370: $? = 1
configure: failed program was:
| /* confdefs.h.  */
| #define PACKAGE_NAME ""
| #define PACKAGE_TARNAME ""
| #define PACKAGE_VERSION ""
| #define PACKAGE_STRING ""
| #define PACKAGE_BUGREPORT ""
| #define PACKAGE "libiconv"
| #define VERSION "1.12"
| #define _GNU_SOURCE 1
| #define STDC_HEADERS 1
| #define HAVE_SYS_TYPES_H 1
| #define HAVE_SYS_STAT_H 1
| #define HAVE_STDLIB_H 1
| #define HAVE_STRING_H 1
| #define HAVE_MEMORY_H 1
| #define HAVE_STRINGS_H 1
| #define HAVE_INTTYPES_H 1
| #define HAVE_STDINT_H 1
| #define HAVE_UNISTD_H 1
| #define __EXTENSIONS__ 1
| #define _ALL_SOURCE 1
| #define _GNU_SOURCE 1
| #define _POSIX_PTHREAD_SEMANTICS 1
| #define _TANDEM_SOURCE 1
| #define INSTALLPREFIX "/home/korki/official_wdtv/villa_1.05.04_V_G/src/libs/../../build/binary/third_party_build/"
| #define HAVE_DLFCN_H 1
| /* end confdefs.h.  */
| #include <ac_nonexistent.h>
configure:7419: checking for mipsel-linux-g77
configure:7449: result: no
configure:7419: checking for mipsel-linux-xlf
configure:7449: result: no
configure:7419: checking for mipsel-linux-f77
configure:7449: result: no
configure:7419: checking for mipsel-linux-frt
configure:7449: result: no
configure:7419: checking for mipsel-linux-pgf77
configure:7449: result: no
configure:7419: checking for mipsel-linux-cf77
configure:7449: result: no
configure:7419: checking for mipsel-linux-fort77
configure:7449: result: no
configure:7419: checking for mipsel-linux-fl32
configure:7449: result: no
configure:7419: checking for mipsel-linux-af77
configure:7449: result: no
configure:7419: checking for mipsel-linux-xlf90
configure:7449: result: no
configure:7419: checking for mipsel-linux-f90
configure:7449: result: no
configure:7419: checking for mipsel-linux-pgf90
configure:7449: result: no
configure:7419: checking for mipsel-linux-pghpf
configure:7449: result: no
configure:7419: checking for mipsel-linux-epcf90
configure:7449: result: no
configure:7419: checking for mipsel-linux-gfortran
configure:7449: result: no
configure:7419: checking for mipsel-linux-g95
configure:7449: result: no
configure:7419: checking for mipsel-linux-xlf95
configure:7449: result: no
configure:7419: checking for mipsel-linux-f95
configure:7449: result: no
configure:7419: checking for mipsel-linux-fort
configure:7449: result: no
configure:7419: checking for mipsel-linux-ifort
configure:7449: result: no
configure:7419: checking for mipsel-linux-ifc
configure:7449: result: no
configure:7419: checking for mipsel-linux-efc
configure:7449: result: no
configure:7419: checking for mipsel-linux-pgf95
configure:7449: result: no
configure:7419: checking for mipsel-linux-lf95
configure:7449: result: no
configure:7419: checking for mipsel-linux-ftn
configure:7449: result: no
configure:7463: checking for g77
configure:7493: result: no
configure:7463: checking for xlf
configure:7493: result: no
configure:7463: checking for f77
configure:7493: result: no
configure:7463: checking for frt
configure:7493: result: no
configure:7463: checking for pgf77
configure:7493: result: no
configure:7463: checking for cf77
configure:7493: result: no
configure:7463: checking for fort77
configure:7493: result: no
configure:7463: checking for fl32
configure:7493: result: no
configure:7463: checking for af77
configure:7493: result: no
configure:7463: checking for xlf90
configure:7493: result: no
configure:7463: checking for f90
configure:7493: result: no
configure:7463: checking for pgf90
configure:7493: result: no
configure:7463: checking for pghpf
configure:7493: result: no
configure:7463: checking for epcf90
configure:7493: result: no
configure:7463: checking for gfortran
configure:7493: result: no
configure:7463: checking for g95
configure:7493: result: no
configure:7463: checking for xlf95
configure:7493: result: no
configure:7463: checking for f95
configure:7493: result: no
configure:7463: checking for fort
configure:7493: result: no
configure:7463: checking for ifort
configure:7493: result: no
configure:7463: checking for ifc
configure:7493: result: no
configure:7463: checking for efc
configure:7493: result: no
configure:7463: checking for pgf95
configure:7493: result: no
configure:7463: checking for lf95
configure:7493: result: no
configure:7463: checking for ftn
configure:7493: result: no
configure:7520: checking for Fortran 77 compiler version
configure:7527:  --version >&5
./configure: line 7528: --version: command not found
configure:7530: $? = 127
configure:7537:  -v >&5
./configure: line 7538: -v: command not found
configure:7540: $? = 127
configure:7547:  -V >&5
./configure: line 7548: -V: command not found
configure:7550: $? = 127
configure:7558: checking whether we are using the GNU Fortran 77 compiler
configure:7577:  -c  conftest.F >&5
./configure: line 7578: -c: command not found
configure:7583: $? = 127
configure: failed program was:
|       program main
| #ifndef __GNUC__
|        choke me
| #endif
| 
|       end
configure:7600: result: no
configure:7606: checking whether  accepts -g
configure:7623:  -c -g conftest.f >&5
./configure: line 7624: -c: command not found
configure:7629: $? = 127
configure: failed program was:
|       program main
| 
|       end
configure:7645: result: no
configure:7675: checking the maximum length of command line arguments
configure:7787: result: 3458764513820540925
configure:7799: checking command to parse /opt/mips-4.3/bin//mipsel-linux-nm output from /opt/mips-4.3/bin//mipsel-linux-gcc object
configure:7904: /opt/mips-4.3/bin//mipsel-linux-gcc -c -g -O2  conftest.c >&5
configure:7907: $? = 0
configure:7911: /opt/mips-4.3/bin//mipsel-linux-nm conftest.o \| sed -n -e 's/^.*[ 	]\([ABCDGIRSTW][ABCDGIRSTW]*\)[ 	][ 	]*\([_A-Za-z][_A-Za-z0-9]*\)$/\1 \2 \2/p' \> conftest.nm
configure:7914: $? = 0
configure:7966: /opt/mips-4.3/bin//mipsel-linux-gcc -o conftest -g -O2  -L/home/korki/official_wdtv/villa_1.05.04_V_G/src/libs/../../build/binary/third_party_build//lib conftest.c conftstm.o >&5
configure:7969: $? = 0
configure:8007: result: ok
configure:8011: checking for objdir
configure:8026: result: .libs
configure:8078: checking for mipsel-linux-ar
configure:8105: result: /opt/mips-4.3/bin//mipsel-linux-ar
configure:8174: checking for mipsel-linux-ranlib
configure:8201: result: /opt/mips-4.3/bin//mipsel-linux-ranlib
configure:8270: checking for mipsel-linux-strip
configure:8297: result: /opt/mips-4.3/bin//mipsel-linux-strip
configure:8627: checking if /opt/mips-4.3/bin//mipsel-linux-gcc supports -fno-rtti -fno-exceptions
configure:8645: /opt/mips-4.3/bin//mipsel-linux-gcc -c -g -O2  -fno-rtti -fno-exceptions conftest.c >&5
cc1: warning: command line option "-fno-rtti" is valid for C++/ObjC++ but not for C
configure:8649: $? = 0
configure:8662: result: no
configure:8677: checking for /opt/mips-4.3/bin//mipsel-linux-gcc option to produce PIC
configure:8912: result: -fPIC
configure:8920: checking if /opt/mips-4.3/bin//mipsel-linux-gcc PIC flag -fPIC works
configure:8938: /opt/mips-4.3/bin//mipsel-linux-gcc -c -g -O2  -fPIC -DPIC conftest.c >&5
configure:8942: $? = 0
configure:8955: result: yes
configure:8983: checking if /opt/mips-4.3/bin//mipsel-linux-gcc static flag -static works
configure:9011: result: yes
configure:9021: checking if /opt/mips-4.3/bin//mipsel-linux-gcc supports -c -o file.o
configure:9042: /opt/mips-4.3/bin//mipsel-linux-gcc -c -g -O2  -o out/conftest2.o conftest.c >&5
configure:9046: $? = 0
configure:9068: result: yes
configure:9094: checking whether the /opt/mips-4.3/bin//mipsel-linux-gcc linker (/opt/mips-4.3/bin//mipsel-linux-ld) supports shared libraries
configure:10074: result: yes
configure:10095: checking whether -lc should be explicitly linked in
configure:10100: /opt/mips-4.3/bin//mipsel-linux-gcc -c -g -O2  conftest.c >&5
configure:10103: $? = 0
configure:10118: /opt/mips-4.3/bin//mipsel-linux-gcc -shared conftest.o  -v -Wl,-soname -Wl,conftest -o conftest 2\>\&1 \| grep  -lc  \>/dev/null 2\>\&1
configure:10121: $? = 0
configure:10133: result: no
configure:10141: checking dynamic linker characteristics
configure:10743: result: GNU/Linux ld.so
configure:10752: checking how to hardcode library paths into programs
configure:10777: result: immediate
configure:10791: checking whether stripping libraries is possible
configure:10796: result: yes
configure:11598: checking if libtool supports shared libraries
configure:11600: result: yes
configure:11603: checking whether to build shared libraries
configure:11624: result: yes
configure:11627: checking whether to build static libraries
configure:11631: result: no
configure:11724: creating libtool
configure:12312: checking for ld used by mipsel-linux-g++
configure:12379: result: /opt/mips-4.3/bin//mipsel-linux-ld
configure:12388: checking if the linker (/opt/mips-4.3/bin//mipsel-linux-ld) is GNU ld
configure:12403: result: yes
configure:12454: checking whether the mipsel-linux-g++ linker (/opt/mips-4.3/bin//mipsel-linux-ld) supports shared libraries
configure:13428: result: yes
configure:13450: mipsel-linux-g++ -c -g -O2  conftest.cpp >&5
configure:13453: $? = 0
configure:13605: checking for mipsel-linux-g++ option to produce PIC
configure:13889: result: -fPIC
configure:13897: checking if mipsel-linux-g++ PIC flag -fPIC works
configure:13915: mipsel-linux-g++ -c -g -O2  -fPIC -DPIC conftest.cpp >&5
configure:13919: $? = 0
configure:13932: result: yes
configure:13960: checking if mipsel-linux-g++ static flag -static works
configure:13988: result: yes
configure:13998: checking if mipsel-linux-g++ supports -c -o file.o
configure:14019: mipsel-linux-g++ -c -g -O2  -o out/conftest2.o conftest.cpp >&5
configure:14023: $? = 0
configure:14045: result: yes
configure:14071: checking whether the mipsel-linux-g++ linker (/opt/mips-4.3/bin//mipsel-linux-ld) supports shared libraries
configure:14096: result: yes
configure:14163: checking dynamic linker characteristics
configure:14713: result: GNU/Linux ld.so
configure:14722: checking how to hardcode library paths into programs
configure:14747: result: immediate
configure:20933: checking for simple visibility declarations
configure:20965: /opt/mips-4.3/bin//mipsel-linux-gcc -c -g -O2 -fvisibility=hidden  conftest.c >&5
configure:20971: $? = 0
configure:20988: result: yes
configure:21021: checking for shared library run path origin
configure:21034: result: done
configure:21542: checking for iconv
configure:21574: /opt/mips-4.3/bin//mipsel-linux-gcc -o conftest -g -O2  -L/home/korki/official_wdtv/villa_1.05.04_V_G/src/libs/../../build/binary/third_party_build//lib conftest.c  >&5
configure:21580: $? = 0
configure:21650: result: yes
configure:21653: checking for working iconv
configure:21769: result: guessing yes
configure:21799: checking for iconv declaration
configure:21838: /opt/mips-4.3/bin//mipsel-linux-gcc -c -g -O2  conftest.c >&5
configure:21844: $? = 0
configure:21863: result: 
         extern size_t iconv (iconv_t cd, char * *inbuf, size_t *inbytesleft, char * *outbuf, size_t *outbytesleft);
configure:21874: checking whether NLS is requested
configure:21883: result: yes
configure:21924: checking for msgfmt
configure:21959: result: no
configure:21965: checking for gmsgfmt
configure:21996: result: :
configure:22047: checking for xgettext
configure:22082: result: no
configure:22125: checking for msgmerge
configure:22159: result: no
configure:22196: checking for CFPreferencesCopyAppValue
configure:22224: /opt/mips-4.3/bin//mipsel-linux-gcc -o conftest -g -O2  -L/home/korki/official_wdtv/villa_1.05.04_V_G/src/libs/../../build/binary/third_party_build//lib conftest.c  -Wl,-framework -Wl,CoreFoundation >&5
conftest.c:31:42: error: CoreFoundation/CFPreferences.h: No such file or directory
conftest.c: In function 'main':
conftest.c:35: error: 'NULL' undeclared (first use in this function)
conftest.c:35: error: (Each undeclared identifier is reported only once
conftest.c:35: error: for each function it appears in.)
configure:22230: $? = 1
configure: failed program was:
| /* confdefs.h.  */
| #define PACKAGE_NAME ""
| #define PACKAGE_TARNAME ""
| #define PACKAGE_VERSION ""
| #define PACKAGE_STRING ""
| #define PACKAGE_BUGREPORT ""
| #define PACKAGE "libiconv"
| #define VERSION "1.12"
| #define _GNU_SOURCE 1
| #define STDC_HEADERS 1
| #define HAVE_SYS_TYPES_H 1
| #define HAVE_SYS_STAT_H 1
| #define HAVE_STDLIB_H 1
| #define HAVE_STRING_H 1
| #define HAVE_MEMORY_H 1
| #define HAVE_STRINGS_H 1
| #define HAVE_INTTYPES_H 1
| #define HAVE_STDINT_H 1
| #define HAVE_UNISTD_H 1
| #define __EXTENSIONS__ 1
| #define _ALL_SOURCE 1
| #define _GNU_SOURCE 1
| #define _POSIX_PTHREAD_SEMANTICS 1
| #define _TANDEM_SOURCE 1
| #define INSTALLPREFIX "/home/korki/official_wdtv/villa_1.05.04_V_G/src/libs/../../build/binary/third_party_build/"
| #define HAVE_DLFCN_H 1
| #define HAVE_VISIBILITY 1
| #define HAVE_ICONV 1
| #define ICONV_CONST 
| /* end confdefs.h.  */
| #include <CoreFoundation/CFPreferences.h>
| int
| main ()
| {
| CFPreferencesCopyAppValue(NULL, NULL)
|   ;
|   return 0;
| }
configure:22248: result: no
configure:22257: checking for CFLocaleCopyCurrent
configure:22285: /opt/mips-4.3/bin//mipsel-linux-gcc -o conftest -g -O2  -L/home/korki/official_wdtv/villa_1.05.04_V_G/src/libs/../../build/binary/third_party_build//lib conftest.c  -Wl,-framework -Wl,CoreFoundation >&5
conftest.c:31:37: error: CoreFoundation/CFLocale.h: No such file or directory
configure:22291: $? = 1
configure: failed program was:
| /* confdefs.h.  */
| #define PACKAGE_NAME ""
| #define PACKAGE_TARNAME ""
| #define PACKAGE_VERSION ""
| #define PACKAGE_STRING ""
| #define PACKAGE_BUGREPORT ""
| #define PACKAGE "libiconv"
| #define VERSION "1.12"
| #define _GNU_SOURCE 1
| #define STDC_HEADERS 1
| #define HAVE_SYS_TYPES_H 1
| #define HAVE_SYS_STAT_H 1
| #define HAVE_STDLIB_H 1
| #define HAVE_STRING_H 1
| #define HAVE_MEMORY_H 1
| #define HAVE_STRINGS_H 1
| #define HAVE_INTTYPES_H 1
| #define HAVE_STDINT_H 1
| #define HAVE_UNISTD_H 1
| #define __EXTENSIONS__ 1
| #define _ALL_SOURCE 1
| #define _GNU_SOURCE 1
| #define _POSIX_PTHREAD_SEMANTICS 1
| #define _TANDEM_SOURCE 1
| #define INSTALLPREFIX "/home/korki/official_wdtv/villa_1.05.04_V_G/src/libs/../../build/binary/third_party_build/"
| #define HAVE_DLFCN_H 1
| #define HAVE_VISIBILITY 1
| #define HAVE_ICONV 1
| #define ICONV_CONST 
| /* end confdefs.h.  */
| #include <CoreFoundation/CFLocale.h>
| int
| main ()
| {
| CFLocaleCopyCurrent();
|   ;
|   return 0;
| }
configure:22309: result: no
configure:22360: checking for GNU gettext in libc
configure:22390: /opt/mips-4.3/bin//mipsel-linux-gcc -o conftest -g -O2  -L/home/korki/official_wdtv/villa_1.05.04_V_G/src/libs/../../build/binary/third_party_build//lib conftest.c  >&5
configure:22396: $? = 0
configure:22414: result: yes
configure:23298: checking whether to use NLS
configure:23300: result: yes
configure:23303: checking where the gettext function comes from
configure:23314: result: libc
configure:23377: checking for mbstate_t
configure:23404: /opt/mips-4.3/bin//mipsel-linux-gcc -c -g -O2  conftest.c >&5
configure:23410: $? = 0
configure:23425: result: yes
configure:23441: checking for wchar_t
configure:23468: /opt/mips-4.3/bin//mipsel-linux-gcc -c -g -O2  conftest.c >&5
configure:23474: $? = 0
configure:23489: result: yes
configure:23523: checking for getc_unlocked
configure:23579: /opt/mips-4.3/bin//mipsel-linux-gcc -o conftest -g -O2  -L/home/korki/official_wdtv/villa_1.05.04_V_G/src/libs/../../build/binary/third_party_build//lib conftest.c  >&5
configure:23585: $? = 0
configure:23603: result: yes
configure:23523: checking for mbrtowc
configure:23579: /opt/mips-4.3/bin//mipsel-linux-gcc -o conftest -g -O2  -L/home/korki/official_wdtv/villa_1.05.04_V_G/src/libs/../../build/binary/third_party_build//lib conftest.c  >&5
configure:23585: $? = 0
configure:23603: result: yes
configure:23523: checking for wcrtomb
configure:23579: /opt/mips-4.3/bin//mipsel-linux-gcc -o conftest -g -O2  -L/home/korki/official_wdtv/villa_1.05.04_V_G/src/libs/../../build/binary/third_party_build//lib conftest.c  >&5
configure:23585: $? = 0
configure:23603: result: yes
configure:23523: checking for mbsinit
configure:23579: /opt/mips-4.3/bin//mipsel-linux-gcc -o conftest -g -O2  -L/home/korki/official_wdtv/villa_1.05.04_V_G/src/libs/../../build/binary/third_party_build//lib conftest.c  >&5
configure:23585: $? = 0
configure:23603: result: yes
configure:23523: checking for setlocale
configure:23579: /opt/mips-4.3/bin//mipsel-linux-gcc -o conftest -g -O2  -L/home/korki/official_wdtv/villa_1.05.04_V_G/src/libs/../../build/binary/third_party_build//lib conftest.c  >&5
configure:23585: $? = 0
configure:23603: result: yes
configure:23617: checking for memmove
configure:23673: /opt/mips-4.3/bin//mipsel-linux-gcc -o conftest -g -O2  -L/home/korki/official_wdtv/villa_1.05.04_V_G/src/libs/../../build/binary/third_party_build//lib conftest.c  >&5
conftest.c:64: warning: conflicting types for built-in function 'memmove'
configure:23679: $? = 0
configure:23697: result: yes
configure:23711: checking for nl_langinfo and CODESET
configure:23737: /opt/mips-4.3/bin//mipsel-linux-gcc -o conftest -g -O2  -L/home/korki/official_wdtv/villa_1.05.04_V_G/src/libs/../../build/binary/third_party_build//lib conftest.c  >&5
configure:23743: $? = 0
configure:23761: result: yes
configure:23789: checking wchar.h usability
configure:23806: /opt/mips-4.3/bin//mipsel-linux-gcc -c -g -O2  conftest.c >&5
configure:23812: $? = 0
configure:23826: result: yes
configure:23830: checking wchar.h presence
configure:23845: /opt/mips-4.3/bin//mipsel-linux-cpp -E  conftest.c
configure:23851: $? = 0
configure:23865: result: yes
configure:23893: checking for wchar.h
configure:23901: result: yes
configure:23915: checking for EILSEQ
configure:24328: result: yes
configure:24341: checking byte ordering
configure:24444: result: little endian
configure:24459: checking for working alloca.h
configure:24486: /opt/mips-4.3/bin//mipsel-linux-gcc -o conftest -g -O2  -L/home/korki/official_wdtv/villa_1.05.04_V_G/src/libs/../../build/binary/third_party_build//lib conftest.c  >&5
configure:24492: $? = 0
configure:24509: result: yes
configure:24519: checking for alloca
configure:24566: /opt/mips-4.3/bin//mipsel-linux-gcc -o conftest -g -O2  -L/home/korki/official_wdtv/villa_1.05.04_V_G/src/libs/../../build/binary/third_party_build//lib conftest.c  >&5
configure:24572: $? = 0
configure:24589: result: yes
configure:24828: checking for stdlib.h
configure:24834: result: yes
configure:24828: checking for string.h
configure:24834: result: yes
configure:24838: checking sys/param.h usability
configure:24855: /opt/mips-4.3/bin//mipsel-linux-gcc -c -g -O2  conftest.c >&5
configure:24861: $? = 0
configure:24875: result: yes
configure:24879: checking sys/param.h presence
configure:24894: /opt/mips-4.3/bin//mipsel-linux-cpp -E  conftest.c
configure:24900: $? = 0
configure:24914: result: yes
configure:24942: checking for sys/param.h
configure:24950: result: yes
configure:24828: checking for unistd.h
configure:24834: result: yes
configure:24828: checking for stdint.h
configure:24834: result: yes
configure:24828: checking for wchar.h
configure:24834: result: yes
configure:24967: checking whether canonicalize_file_name is declared
configure:24996: /opt/mips-4.3/bin//mipsel-linux-gcc -c -g -O2  conftest.c >&5
configure:25002: $? = 0
configure:25017: result: yes
configure:25042: checking for canonicalize_file_name
configure:25098: /opt/mips-4.3/bin//mipsel-linux-gcc -o conftest -g -O2  -L/home/korki/official_wdtv/villa_1.05.04_V_G/src/libs/../../build/binary/third_party_build//lib conftest.c  >&5
configure:25104: $? = 0
configure:25122: result: yes
configure:25042: checking for getcwd
configure:25098: /opt/mips-4.3/bin//mipsel-linux-gcc -o conftest -g -O2  -L/home/korki/official_wdtv/villa_1.05.04_V_G/src/libs/../../build/binary/third_party_build//lib conftest.c  >&5
configure:25104: $? = 0
configure:25122: result: yes
configure:25042: checking for readlink
configure:25098: /opt/mips-4.3/bin//mipsel-linux-gcc -o conftest -g -O2  -L/home/korki/official_wdtv/villa_1.05.04_V_G/src/libs/../../build/binary/third_party_build//lib conftest.c  >&5
configure:25104: $? = 0
configure:25122: result: yes
configure:25042: checking for setenv
configure:25098: /opt/mips-4.3/bin//mipsel-linux-gcc -o conftest -g -O2  -L/home/korki/official_wdtv/villa_1.05.04_V_G/src/libs/../../build/binary/third_party_build//lib conftest.c  >&5
configure:25104: $? = 0
configure:25122: result: yes
configure:25142: checking whether strerror_r is declared
configure:25171: /opt/mips-4.3/bin//mipsel-linux-gcc -c -g -O2  conftest.c >&5
configure:25177: $? = 0
configure:25192: result: yes
configure:25214: checking for strerror_r
configure:25270: /opt/mips-4.3/bin//mipsel-linux-gcc -o conftest -g -O2  -L/home/korki/official_wdtv/villa_1.05.04_V_G/src/libs/../../build/binary/third_party_build//lib conftest.c  >&5
configure:25276: $? = 0
configure:25294: result: yes
configure:25304: checking whether strerror_r returns char *
configure:25338: /opt/mips-4.3/bin//mipsel-linux-gcc -c -g -O2  conftest.c >&5
configure:25344: $? = 0
configure:25420: result: yes
configure:25434: checking whether malloc, realloc, calloc are POSIX compliant
configure:25464: /opt/mips-4.3/bin//mipsel-linux-gcc -c -g -O2  conftest.c >&5
configure:25470: $? = 0
configure:25486: result: yes
configure:25511: checking for stdlib.h
configure:25517: result: yes
configure:25646: checking for GNU libc compatible malloc
configure:25708: result: no
configure:25724: checking for long long int
configure:25774: /opt/mips-4.3/bin//mipsel-linux-gcc -o conftest -g -O2  -L/home/korki/official_wdtv/villa_1.05.04_V_G/src/libs/../../build/binary/third_party_build//lib conftest.c  >&5
configure:25780: $? = 0
configure:25862: result: yes
configure:25896: checking for stdbool.h that conforms to C99
configure:25989: /opt/mips-4.3/bin//mipsel-linux-gcc -c -g -O2  conftest.c >&5
configure:25995: $? = 0
configure:26010: result: yes
configure:26012: checking for _Bool
configure:26042: /opt/mips-4.3/bin//mipsel-linux-gcc -c -g -O2  conftest.c >&5
configure:26048: $? = 0
configure:26063: result: yes
configure:26082: checking for unsigned long long int
configure:26116: /opt/mips-4.3/bin//mipsel-linux-gcc -o conftest -g -O2  -L/home/korki/official_wdtv/villa_1.05.04_V_G/src/libs/../../build/binary/third_party_build//lib conftest.c  >&5
configure:26122: $? = 0
configure:26139: result: yes
configure:26151: checking whether the preprocessor supports include_next
configure:26184: /opt/mips-4.3/bin//mipsel-linux-gcc -c -g -O2  -Iconftestd1 -Iconftestd2 conftest.c >&5
configure:26190: $? = 0
configure:26208: result: yes
configure:26276: checking for C/C++ restrict keyword
configure:26311: /opt/mips-4.3/bin//mipsel-linux-gcc -c -g -O2  conftest.c >&5
configure:26317: $? = 0
configure:26335: result: __restrict
configure:26403: checking whether clearerr_unlocked is declared
configure:26432: /opt/mips-4.3/bin//mipsel-linux-gcc -c -g -O2  conftest.c >&5
configure:26438: $? = 0
configure:26453: result: yes
configure:26471: checking whether feof_unlocked is declared
configure:26500: /opt/mips-4.3/bin//mipsel-linux-gcc -c -g -O2  conftest.c >&5
configure:26506: $? = 0
configure:26521: result: yes
configure:26539: checking whether ferror_unlocked is declared
configure:26568: /opt/mips-4.3/bin//mipsel-linux-gcc -c -g -O2  conftest.c >&5
configure:26574: $? = 0
configure:26589: result: yes
configure:26607: checking whether fflush_unlocked is declared
configure:26636: /opt/mips-4.3/bin//mipsel-linux-gcc -c -g -O2  conftest.c >&5
configure:26642: $? = 0
configure:26657: result: yes
configure:26675: checking whether fgets_unlocked is declared
configure:26704: /opt/mips-4.3/bin//mipsel-linux-gcc -c -g -O2  conftest.c >&5
configure:26710: $? = 0
configure:26725: result: yes
configure:26743: checking whether fputc_unlocked is declared
configure:26772: /opt/mips-4.3/bin//mipsel-linux-gcc -c -g -O2  conftest.c >&5
configure:26778: $? = 0
configure:26793: result: yes
configure:26811: checking whether fputs_unlocked is declared
configure:26840: /opt/mips-4.3/bin//mipsel-linux-gcc -c -g -O2  conftest.c >&5
configure:26846: $? = 0
configure:26861: result: yes
configure:26879: checking whether fread_unlocked is declared
configure:26908: /opt/mips-4.3/bin//mipsel-linux-gcc -c -g -O2  conftest.c >&5
configure:26914: $? = 0
configure:26929: result: yes
configure:26947: checking whether fwrite_unlocked is declared
configure:26976: /opt/mips-4.3/bin//mipsel-linux-gcc -c -g -O2  conftest.c >&5
configure:26982: $? = 0
configure:26997: result: yes
configure:27015: checking whether getc_unlocked is declared
configure:27044: /opt/mips-4.3/bin//mipsel-linux-gcc -c -g -O2  conftest.c >&5
configure:27050: $? = 0
configure:27065: result: yes
configure:27083: checking whether getchar_unlocked is declared
configure:27112: /opt/mips-4.3/bin//mipsel-linux-gcc -c -g -O2  conftest.c >&5
configure:27118: $? = 0
configure:27133: result: yes
configure:27151: checking whether putc_unlocked is declared
configure:27180: /opt/mips-4.3/bin//mipsel-linux-gcc -c -g -O2  conftest.c >&5
configure:27186: $? = 0
configure:27201: result: yes
configure:27219: checking whether putchar_unlocked is declared
configure:27248: /opt/mips-4.3/bin//mipsel-linux-gcc -c -g -O2  conftest.c >&5
configure:27254: $? = 0
configure:27269: result: yes
configure:27410: checking for error_at_line
configure:27436: /opt/mips-4.3/bin//mipsel-linux-gcc -o conftest -g -O2  -L/home/korki/official_wdtv/villa_1.05.04_V_G/src/libs/../../build/binary/third_party_build//lib conftest.c  >&5
configure:27442: $? = 0
configure:27459: result: yes
configure:27520: checking for mbstate_t
configure:27568: result: yes
configure:27595: checking for memmove
configure:27675: result: yes
configure:27841: checking search.h usability
configure:27858: /opt/mips-4.3/bin//mipsel-linux-gcc -c -g -O2  conftest.c >&5
configure:27864: $? = 0
configure:27878: result: yes
configure:27882: checking search.h presence
configure:27897: /opt/mips-4.3/bin//mipsel-linux-cpp -E  conftest.c
configure:27903: $? = 0
configure:27917: result: yes
configure:27945: checking for search.h
configure:27953: result: yes
configure:27970: checking for tsearch
configure:28026: /opt/mips-4.3/bin//mipsel-linux-gcc -o conftest -g -O2  -L/home/korki/official_wdtv/villa_1.05.04_V_G/src/libs/../../build/binary/third_party_build//lib conftest.c  >&5
configure:28032: $? = 0
configure:28050: result: yes
configure:28062: checking if environ is properly declared
configure:28090: /opt/mips-4.3/bin//mipsel-linux-gcc -c -g -O2  conftest.c >&5
conftest.c:88: error: conflicting types for 'environ'
/opt/mips-4.3/bin/../mips-linux-gnu/libc/usr/include/unistd.h:498: error: previous declaration of 'environ' was here
configure:28096: $? = 1
configure: failed program was:
| /* confdefs.h.  */
| #define PACKAGE_NAME ""
| #define PACKAGE_TARNAME ""
| #define PACKAGE_VERSION ""
| #define PACKAGE_STRING ""
| #define PACKAGE_BUGREPORT ""
| #define PACKAGE "libiconv"
| #define VERSION "1.12"
| #define _GNU_SOURCE 1
| #define STDC_HEADERS 1
| #define HAVE_SYS_TYPES_H 1
| #define HAVE_SYS_STAT_H 1
| #define HAVE_STDLIB_H 1
| #define HAVE_STRING_H 1
| #define HAVE_MEMORY_H 1
| #define HAVE_STRINGS_H 1
| #define HAVE_INTTYPES_H 1
| #define HAVE_STDINT_H 1
| #define HAVE_UNISTD_H 1
| #define __EXTENSIONS__ 1
| #define _ALL_SOURCE 1
| #define _GNU_SOURCE 1
| #define _POSIX_PTHREAD_SEMANTICS 1
| #define _TANDEM_SOURCE 1
| #define INSTALLPREFIX "/home/korki/official_wdtv/villa_1.05.04_V_G/src/libs/../../build/binary/third_party_build/"
| #define HAVE_DLFCN_H 1
| #define HAVE_VISIBILITY 1
| #define HAVE_ICONV 1
| #define ICONV_CONST 
| #define ENABLE_NLS 1
| #define HAVE_GETTEXT 1
| #define HAVE_DCGETTEXT 1
| #define HAVE_MBSTATE_T 1
| #define HAVE_WCHAR_T 1
| #define HAVE_GETC_UNLOCKED 1
| #define HAVE_MBRTOWC 1
| #define HAVE_WCRTOMB 1
| #define HAVE_MBSINIT 1
| #define HAVE_SETLOCALE 1
| #define HAVE_MEMMOVE 1
| #define HAVE_LANGINFO_CODESET 1
| #define HAVE_WCHAR_H 1
| #define WORDS_LITTLEENDIAN 1
| #define HAVE_ALLOCA_H 1
| #define HAVE_ALLOCA 1
| #define HAVE_STDLIB_H 1
| #define HAVE_STRING_H 1
| #define HAVE_SYS_PARAM_H 1
| #define HAVE_UNISTD_H 1
| #define HAVE_STDINT_H 1
| #define HAVE_WCHAR_H 1
| #define HAVE_DECL_CANONICALIZE_FILE_NAME 1
| #define HAVE_CANONICALIZE_FILE_NAME 1
| #define HAVE_GETCWD 1
| #define HAVE_READLINK 1
| #define HAVE_SETENV 1
| #define HAVE_DECL_STRERROR_R 1
| #define HAVE_STRERROR_R 1
| #define STRERROR_R_CHAR_P 1
| #define HAVE_STDLIB_H 1
| #define MALLOC_0_IS_NONNULL 0
| #define HAVE_LONG_LONG_INT 1
| #define HAVE__BOOL 1
| #define HAVE_STDBOOL_H 1
| #define HAVE_UNSIGNED_LONG_LONG_INT 1
| #define HAVE_INCLUDE_NEXT 1
| #define restrict __restrict
| #define HAVE_DECL_CLEARERR_UNLOCKED 1
| #define HAVE_DECL_FEOF_UNLOCKED 1
| #define HAVE_DECL_FERROR_UNLOCKED 1
| #define HAVE_DECL_FFLUSH_UNLOCKED 1
| #define HAVE_DECL_FGETS_UNLOCKED 1
| #define HAVE_DECL_FPUTC_UNLOCKED 1
| #define HAVE_DECL_FPUTS_UNLOCKED 1
| #define HAVE_DECL_FREAD_UNLOCKED 1
| #define HAVE_DECL_FWRITE_UNLOCKED 1
| #define HAVE_DECL_GETC_UNLOCKED 1
| #define HAVE_DECL_GETCHAR_UNLOCKED 1
| #define HAVE_DECL_PUTC_UNLOCKED 1
| #define HAVE_DECL_PUTCHAR_UNLOCKED 1
| #define HAVE_MALLOC_POSIX 1
| #define HAVE_MBSTATE_T 1
| #define HAVE_MEMMOVE 1
| #define HAVE_SEARCH_H 1
| #define HAVE_TSEARCH 1
| /* end confdefs.h.  */
| #include <unistd.h>
|       extern struct { int foo; } environ;
| int
| main ()
| {
| environ.foo = 1;
|   ;
|   return 0;
| }
configure:28112: result: yes
configure:28125: checking for working strerror function
configure:28153: /opt/mips-4.3/bin//mipsel-linux-gcc -c -g -O2  conftest.c >&5
configure:28159: $? = 0
configure:28224: result: yes
configure:28301: checking for ssize_t
configure:28328: /opt/mips-4.3/bin//mipsel-linux-gcc -c -g -O2  conftest.c >&5
configure:28334: $? = 0
configure:28349: result: yes
configure:28465: checking whether stdint.h conforms to C99
configure:28644: /opt/mips-4.3/bin//mipsel-linux-gcc -c -g -O2  conftest.c >&5
configure:28650: $? = 0
configure:28665: result: yes
configure:29638: checking whether <wchar.h> is standalone
configure:29653: /opt/mips-4.3/bin//mipsel-linux-gcc -c -g -O2  conftest.c >&5
configure:29659: $? = 0
configure:29674: result: yes
configure:30070: creating ./config.status

## ---------------------- ##
## Running config.status. ##
## ---------------------- ##

This file was extended by config.status, which was
generated by GNU Autoconf 2.61.  Invocation command line was

  CONFIG_FILES    = 
  CONFIG_HEADERS  = 
  CONFIG_LINKS    = 
  CONFIG_COMMANDS = 
  $ ./config.status 

on di5

config.status:851: creating Makefile
config.status:851: creating lib/Makefile
config.status:851: creating srclib/Makefile
config.status:851: creating src/Makefile
config.status:851: creating po/Makefile.in
config.status:851: creating man/Makefile
config.status:851: creating tests/Makefile
config.status:851: creating include/iconv.h
config.status:851: creating include/iconv.h.inst
config.status:851: creating config.h
config.status:1154: config.h is unchanged
config.status:851: creating lib/config.h
config.status:1154: lib/config.h is unchanged
config.status:1200: executing depfiles commands
config.status:1200: executing po-directories commands
configure:31746: === configuring in libcharset (/home/korki/official_wdtv/villa_1.05.04_V_G/src/libs/libiconv-1.12/libiconv-1.12/libcharset)
configure:31849: running /bin/bash ./configure '--prefix=/home/korki/official_wdtv/villa_1.05.04_V_G/src/libs/../../build/binary/third_party_build/'  '--build=x86_64' '--host=mipsel-linux' '--enable-shared=yes' 'LDFLAGS=-L/home/korki/official_wdtv/villa_1.05.04_V_G/src/libs/../../build/binary/third_party_build//lib' 'build_alias=x86_64' 'host_alias=mipsel-linux' 'CC=/opt/mips-4.3/bin//mipsel-linux-gcc' 'CPP=/opt/mips-4.3/bin//mipsel-linux-cpp -E' --cache-file=/dev/null --srcdir=.

## ---------------- ##
## Cache variables. ##
## ---------------- ##

ac_cv_build=x86_64-pc-none
ac_cv_c_compiler_gnu=yes
ac_cv_c_restrict=__restrict
ac_cv_cxx_compiler_gnu=yes
ac_cv_decl_EILSEQ=yes
ac_cv_env_CCC_set=
ac_cv_env_CCC_value=
ac_cv_env_CC_set=set
ac_cv_env_CC_value=/opt/mips-4.3/bin//mipsel-linux-gcc
ac_cv_env_CFLAGS_set=
ac_cv_env_CFLAGS_value=
ac_cv_env_CPPFLAGS_set=
ac_cv_env_CPPFLAGS_value=
ac_cv_env_CPP_set=set
ac_cv_env_CPP_value='/opt/mips-4.3/bin//mipsel-linux-cpp -E'
ac_cv_env_CXXCPP_set=
ac_cv_env_CXXCPP_value=
ac_cv_env_CXXFLAGS_set=
ac_cv_env_CXXFLAGS_value=
ac_cv_env_CXX_set=
ac_cv_env_CXX_value=
ac_cv_env_F77_set=
ac_cv_env_F77_value=
ac_cv_env_FFLAGS_set=
ac_cv_env_FFLAGS_value=
ac_cv_env_LDFLAGS_set=set
ac_cv_env_LDFLAGS_value=-L/home/korki/official_wdtv/villa_1.05.04_V_G/src/libs/../../build/binary/third_party_build//lib
ac_cv_env_LIBS_set=
ac_cv_env_LIBS_value=
ac_cv_env_build_alias_set=set
ac_cv_env_build_alias_value=x86_64
ac_cv_env_host_alias_set=set
ac_cv_env_host_alias_value=mipsel-linux
ac_cv_env_target_alias_set=
ac_cv_env_target_alias_value=
ac_cv_f77_compiler_gnu=no
ac_cv_func_alloca_works=yes
ac_cv_func_canonicalize_file_name=yes
ac_cv_func_getc_unlocked=yes
ac_cv_func_getcwd=yes
ac_cv_func_malloc_0_nonnull=no
ac_cv_func_mbrtowc=yes
ac_cv_func_mbsinit=yes
ac_cv_func_memmove=yes
ac_cv_func_readlink=yes
ac_cv_func_setenv=yes
ac_cv_func_setlocale=yes
ac_cv_func_strerror_r=yes
ac_cv_func_strerror_r_char_p=yes
ac_cv_func_tsearch=yes
ac_cv_func_wcrtomb=yes
ac_cv_have_decl_canonicalize_file_name=yes
ac_cv_have_decl_clearerr_unlocked=yes
ac_cv_have_decl_feof_unlocked=yes
ac_cv_have_decl_ferror_unlocked=yes
ac_cv_have_decl_fflush_unlocked=yes
ac_cv_have_decl_fgets_unlocked=yes
ac_cv_have_decl_fputc_unlocked=yes
ac_cv_have_decl_fputs_unlocked=yes
ac_cv_have_decl_fread_unlocked=yes
ac_cv_have_decl_fwrite_unlocked=yes
ac_cv_have_decl_getc_unlocked=yes
ac_cv_have_decl_getchar_unlocked=yes
ac_cv_have_decl_putc_unlocked=yes
ac_cv_have_decl_putchar_unlocked=yes
ac_cv_have_decl_strerror_r=yes
ac_cv_header_dlfcn_h=yes
ac_cv_header_inttypes_h=yes
ac_cv_header_memory_h=yes
ac_cv_header_minix_config_h=no
ac_cv_header_search_h=yes
ac_cv_header_stdbool_h=yes
ac_cv_header_stdc=yes
ac_cv_header_stdint_h=yes
ac_cv_header_stdlib_h=yes
ac_cv_header_string_h=yes
ac_cv_header_strings_h=yes
ac_cv_header_sys_param_h=yes
ac_cv_header_sys_stat_h=yes
ac_cv_header_sys_types_h=yes
ac_cv_header_unistd_h=yes
ac_cv_header_wchar_h=yes
ac_cv_host=mipsel-unknown-linux-gnu
ac_cv_lib_error_at_line=yes
ac_cv_objext=o
ac_cv_path_EGREP='/bin/grep -E'
ac_cv_path_GMSGFMT=:
ac_cv_path_GREP=/bin/grep
ac_cv_path_MSGFMT=:
ac_cv_path_MSGMERGE=:
ac_cv_path_XGETTEXT=:
ac_cv_path_install='/usr/bin/install -c'
ac_cv_path_mkdir=/bin/mkdir
ac_cv_prog_AR=/opt/mips-4.3/bin//mipsel-linux-ar
ac_cv_prog_AWK=gawk
ac_cv_prog_CC=/opt/mips-4.3/bin//mipsel-linux-gcc
ac_cv_prog_CPP='/opt/mips-4.3/bin//mipsel-linux-cpp -E'
ac_cv_prog_CXX=mipsel-linux-g++
ac_cv_prog_CXXCPP='mipsel-linux-g++ -E'
ac_cv_prog_RANLIB=/opt/mips-4.3/bin//mipsel-linux-ranlib
ac_cv_prog_STRIP=/opt/mips-4.3/bin//mipsel-linux-strip
ac_cv_prog_cc__opt_mips_4_3_bin__mipsel_linux_gcc_c_o=yes
ac_cv_prog_cc_c89=
ac_cv_prog_cc_g=yes
ac_cv_prog_cxx_g=yes
ac_cv_prog_f77_g=no
ac_cv_prog_make_make_set=yes
ac_cv_safe_to_define___extensions__=yes
ac_cv_type__Bool=yes
ac_cv_type_long_long_int=yes
ac_cv_type_mbstate_t=yes
ac_cv_type_unsigned_long_long_int=yes
ac_cv_working_alloca_h=yes
acl_cv_hardcode_direct=no
acl_cv_hardcode_libdir_flag_spec='${wl}-rpath ${wl}$libdir'
acl_cv_hardcode_libdir_separator=
acl_cv_hardcode_minus_L=no
acl_cv_libext=a
acl_cv_libname_spec='lib$name'
acl_cv_libpath=LD_LIBRARY_PATH
acl_cv_library_names_spec='$libname$shrext'
acl_cv_path_LD=/opt/mips-4.3/bin//mipsel-linux-ld
acl_cv_prog_gnu_ld=yes
acl_cv_rpath=done
acl_cv_shlibext=so
acl_cv_shlibpath_var=LD_LIBRARY_PATH
acl_cv_wl=-Wl,
am_cv_CC_dependencies_compiler_type=none
am_cv_CXX_dependencies_compiler_type=none
am_cv_func_iconv=yes
am_cv_func_iconv_works='guessing yes'
am_cv_langinfo_codeset=yes
am_cv_lib_iconv=no
am_cv_proto_iconv='extern size_t iconv (iconv_t cd, char * *inbuf, size_t *inbytesleft, char * *outbuf, size_t *outbytesleft);'
am_cv_proto_iconv_arg1=
cl_cv_prog_LN=ln
cl_cv_prog_cp='cp -p'
cl_cv_sys_endian='little endian'
gl_cv_cc_visibility=yes
gl_cv_func_malloc_0_nonnull=0
gl_cv_func_malloc_posix=yes
gl_cv_func_working_strerror=yes
gl_cv_have_include_next=yes
gl_cv_header_wchar_h_standalone=yes
gl_cv_header_working_stdint_h=yes
gl_cv_next_stdint_h='<stdint.h>'
gl_cv_next_stdlib_h='<stdlib.h>'
gl_cv_next_string_h='<string.h>'
gl_cv_next_unistd_h='<unistd.h>'
gl_cv_next_wchar_h='<wchar.h>'
gt_cv_c_wchar_t=yes
gt_cv_func_CFLocaleCopyCurrent=no
gt_cv_func_CFPreferencesCopyAppValue=no
gt_cv_func_gnugettext2_libc=yes
gt_cv_ssize_t=yes
gt_cv_var_environ_declaration=yes
lt_cv_deplibs_check_method=pass_all
lt_cv_file_magic_cmd='$MAGIC_CMD'
lt_cv_file_magic_test_file=
lt_cv_ld_reload_flag=-r
lt_cv_objdir=.libs
lt_cv_path_LD=/opt/mips-4.3/bin//mipsel-linux-ld
lt_cv_path_LDCXX=/opt/mips-4.3/bin//mipsel-linux-ld
lt_cv_path_NM=/opt/mips-4.3/bin//mipsel-linux-nm
lt_cv_path_SED=/bin/sed
lt_cv_prog_compiler_c_o=yes
lt_cv_prog_compiler_c_o_CXX=yes
lt_cv_prog_compiler_rtti_exceptions=no
lt_cv_prog_gnu_ld=yes
lt_cv_prog_gnu_ldcxx=yes
lt_cv_sys_global_symbol_pipe='sed -n -e '\''s/^.*[ 	]\([ABCDGIRSTW][ABCDGIRSTW]*\)[ 	][ 	]*\([_A-Za-z][_A-Za-z0-9]*\)$/\1 \2 \2/p'\'''
lt_cv_sys_global_symbol_to_c_name_address='sed -n -e '\''s/^: \([^ ]*\) $/  {\"\1\", (lt_ptr) 0},/p'\'' -e '\''s/^[BCDEGRST] \([^ ]*\) \([^ ]*\)$/  {"\2", (lt_ptr) \&\2},/p'\'''
lt_cv_sys_global_symbol_to_cdecl='sed -n -e '\''s/^. .* \(.*\)$/extern int \1;/p'\'''
lt_cv_sys_max_cmd_len=3458764513820540925
lt_lt_cv_prog_compiler_c_o='"yes"'
lt_lt_cv_prog_compiler_c_o_CXX='"yes"'
lt_lt_cv_sys_global_symbol_pipe='"sed -n -e '\''s/^.*[ 	]\\([ABCDGIRSTW][ABCDGIRSTW]*\\)[ 	][ 	]*\\([_A-Za-z][_A-Za-z0-9]*\\)\$/\\1 \\2 \\2/p'\''"'
lt_lt_cv_sys_global_symbol_to_c_name_address='"sed -n -e '\''s/^: \\([^ ]*\\) \$/  {\\\"\\1\\\", (lt_ptr) 0},/p'\'' -e '\''s/^[BCDEGRST] \\([^ ]*\\) \\([^ ]*\\)\$/  {\"\\2\", (lt_ptr) \\&\\2},/p'\''"'
lt_lt_cv_sys_global_symbol_to_cdecl='"sed -n -e '\''s/^. .* \\(.*\\)\$/extern int \\1;/p'\''"'

## ----------------- ##
## Output variables. ##
## ----------------- ##

ACLOCAL='${SHELL} /home/korki/official_wdtv/villa_1.05.04_V_G/src/libs/libiconv-1.12/libiconv-1.12/build-aux/missing --run aclocal-1.10'
ALLOCA=''
ALLOCA_H='alloca.h'
AMDEPBACKSLASH='\'
AMDEP_FALSE='#'
AMDEP_TRUE=''
AMTAR='${SHELL} /home/korki/official_wdtv/villa_1.05.04_V_G/src/libs/libiconv-1.12/libiconv-1.12/build-aux/missing --run tar'
AR='/opt/mips-4.3/bin//mipsel-linux-ar'
AS='/opt/mips-4.3/bin//mipsel-linux-as'
AUTOCONF='${SHELL} /home/korki/official_wdtv/villa_1.05.04_V_G/src/libs/libiconv-1.12/libiconv-1.12/build-aux/missing --run autoconf'
AUTOHEADER='${SHELL} /home/korki/official_wdtv/villa_1.05.04_V_G/src/libs/libiconv-1.12/libiconv-1.12/build-aux/missing --run autoheader'
AUTOMAKE='${SHELL} /home/korki/official_wdtv/villa_1.05.04_V_G/src/libs/libiconv-1.12/libiconv-1.12/build-aux/missing --run automake-1.10'
AWK='gawk'
BITSIZEOF_PTRDIFF_T=''
BITSIZEOF_SIG_ATOMIC_T=''
BITSIZEOF_SIZE_T=''
BITSIZEOF_WCHAR_T=''
BITSIZEOF_WINT_T=''
CC='/opt/mips-4.3/bin//mipsel-linux-gcc'
CCDEPMODE='depmode=none'
CFLAGS='-g -O2'
CFLAG_VISIBILITY='-fvisibility=hidden'
CP='cp -p'
CPP='/opt/mips-4.3/bin//mipsel-linux-cpp -E'
CPPFLAGS=''
CXX='mipsel-linux-g++'
CXXCPP='mipsel-linux-g++ -E'
CXXDEPMODE='depmode=none'
CXXFLAGS='-g -O2'
CYGPATH_W='echo'
DEFS='-DHAVE_CONFIG_H'
DEPDIR='.deps'
DLLTOOL='dlltool'
DLL_VARIABLE=''
ECHO='echo'
ECHO_C=''
ECHO_N='-n'
ECHO_T=''
EGREP='/bin/grep -E'
EILSEQ=''
EXEEXT=''
F77=''
FFLAGS=''
GCC='yes'
GETTEXT_MACRO_VERSION='0.17'
GL_COND_LIBTOOL_FALSE=''
GL_COND_LIBTOOL_TRUE='#'
GMSGFMT=':'
GMSGFMT_015=':'
GNULIB_CALLOC_POSIX='0'
GNULIB_CHOWN='0'
GNULIB_DUP2='0'
GNULIB_FCHDIR='0'
GNULIB_FTRUNCATE='0'
GNULIB_GETCWD='0'
GNULIB_GETLOGIN_R='0'
GNULIB_GETSUBOPT='0'
GNULIB_LCHOWN='0'
GNULIB_LSEEK='0'
GNULIB_MALLOC_POSIX='1'
GNULIB_MBSCASECMP='0'
GNULIB_MBSCASESTR='0'
GNULIB_MBSCHR='0'
GNULIB_MBSCSPN='0'
GNULIB_MBSLEN='0'
GNULIB_MBSNCASECMP='0'
GNULIB_MBSNLEN='0'
GNULIB_MBSPBRK='0'
GNULIB_MBSPCASECMP='0'
GNULIB_MBSRCHR='0'
GNULIB_MBSSEP='0'
GNULIB_MBSSPN='0'
GNULIB_MBSSTR='0'
GNULIB_MBSTOK_R='0'
GNULIB_MEMMEM='0'
GNULIB_MEMPCPY='0'
GNULIB_MEMRCHR='0'
GNULIB_MKDTEMP='0'
GNULIB_MKSTEMP='0'
GNULIB_PUTENV='0'
GNULIB_READLINK='1'
GNULIB_REALLOC_POSIX='0'
GNULIB_SLEEP='0'
GNULIB_STPCPY='0'
GNULIB_STPNCPY='0'
GNULIB_STRCASESTR='0'
GNULIB_STRCHRNUL='0'
GNULIB_STRDUP='0'
GNULIB_STRERROR='1'
GNULIB_STRNDUP='0'
GNULIB_STRNLEN='0'
GNULIB_STRPBRK='0'
GNULIB_STRSEP='0'
GNULIB_STRTOK_R='0'
GNULIB_WCWIDTH='0'
GREP='/bin/grep'
HAVE_CALLOC_POSIX='1'
HAVE_DECL_GETLOGIN_R='1'
HAVE_DECL_MEMMEM='1'
HAVE_DECL_MEMRCHR='1'
HAVE_DECL_STRDUP='1'
HAVE_DECL_STRERROR='1'
HAVE_DECL_STRNCASECMP='1'
HAVE_DECL_STRNDUP='1'
HAVE_DECL_STRNLEN='1'
HAVE_DECL_STRTOK_R='1'
HAVE_DECL_WCWIDTH='1'
HAVE_DUP2='1'
HAVE_FTRUNCATE='1'
HAVE_GETSUBOPT='1'
HAVE_INTTYPES_H='1'
HAVE_LONG_LONG_INT='1'
HAVE_MALLOC_POSIX='1'
HAVE_MEMPCPY='1'
HAVE_MKDTEMP='1'
HAVE_READLINK='1'
HAVE_REALLOC_POSIX='1'
HAVE_SIGNED_SIG_ATOMIC_T=''
HAVE_SIGNED_WCHAR_T=''
HAVE_SIGNED_WINT_T=''
HAVE_SLEEP='1'
HAVE_STDINT_H='1'
HAVE_STPCPY='1'
HAVE_STPNCPY='1'
HAVE_STRCASECMP='1'
HAVE_STRCASESTR='1'
HAVE_STRCHRNUL='1'
HAVE_STRNDUP='1'
HAVE_STRPBRK='1'
HAVE_STRSEP='1'
HAVE_SYS_BITYPES_H=''
HAVE_SYS_INTTYPES_H=''
HAVE_SYS_TYPES_H='1'
HAVE_UNISTD_H='1'
HAVE_UNSIGNED_LONG_LONG_INT='1'
HAVE_VISIBILITY='1'
HAVE_WCHAR_H='1'
HAVE_WCHAR_T='1'
HAVE__BOOL='1'
ICONV_CONST=''
INCLUDE_NEXT='include_next'
INSTALL_DATA='${INSTALL} -m 644'
INSTALL_PROGRAM='${INSTALL}'
INSTALL_PROGRAM_ENV=''
INSTALL_SCRIPT='${INSTALL}'
INSTALL_STRIP_PROGRAM='$(install_sh) -c -s'
INTLLIBS=''
INTL_MACOSX_LIBS=''
LDFLAGS='-L/home/korki/official_wdtv/villa_1.05.04_V_G/src/libs/../../build/binary/third_party_build//lib'
LIBICONV=''
LIBICRT_LIBDEPS=''
LIBICRT_LTLIBDEPS=''
LIBINTL=''
LIBOBJS=''
LIBS=''
LIBTOOL='$(SHELL) $(top_builddir)/libtool'
LN='ln'
LN_S='ln -s'
LTLIBICONV=''
LTLIBINTL=''
LTLIBOBJS=''
MAKEINFO='${SHELL} /home/korki/official_wdtv/villa_1.05.04_V_G/src/libs/libiconv-1.12/libiconv-1.12/build-aux/missing --run makeinfo'
MSGFMT=':'
MSGFMT_015=':'
MSGMERGE=':'
NEXT_STDINT_H='<stdint.h>'
NEXT_STDLIB_H='<stdlib.h>'
NEXT_STRING_H='<string.h>'
NEXT_UNISTD_H='<unistd.h>'
NEXT_WCHAR_H='<wchar.h>'
OBJDUMP='/opt/mips-4.3/bin//mipsel-linux-objdump'
OBJEXT='o'
OS='linux'
PACKAGE='libiconv'
PACKAGE_BUGREPORT=''
PACKAGE_NAME=''
PACKAGE_STRING=''
PACKAGE_TARNAME=''
PACKAGE_VERSION=''
PATH_SEPARATOR=':'
PLUGLIB='preloadable_libiconv.so'
POSUB='po'
PTRDIFF_T_SUFFIX=''
RANLIB='/opt/mips-4.3/bin//mipsel-linux-ranlib'
RELOCATABLE='no'
RELOCATABLE_BUILD_DIR='$(top_builddir)/srclib'
RELOCATABLE_CONFIG_H_DIR='$(top_builddir)'
RELOCATABLE_LDFLAGS=''
RELOCATABLE_LIBRARY_PATH=''
RELOCATABLE_SRC_DIR='$(top_srcdir)/srclib'
RELOCATABLE_VIA_LD_FALSE=''
RELOCATABLE_VIA_LD_TRUE='#'
REPLACE_CHOWN='0'
REPLACE_FCHDIR='0'
REPLACE_GETCWD='0'
REPLACE_LCHOWN='0'
REPLACE_LSEEK='0'
REPLACE_MKSTEMP='0'
REPLACE_PUTENV='0'
REPLACE_STRERROR='0'
REPLACE_WCWIDTH='0'
SED='/bin/sed'
SET_MAKE=''
SHELL='/bin/bash'
SIG_ATOMIC_T_SUFFIX=''
SIZE_T_SUFFIX=''
SRCLIBOBJS=''
STDBOOL_H=''
STDINT_H=''
STRIP='/opt/mips-4.3/bin//mipsel-linux-strip'
USE_EXTRA_ENCODINGS='no'
USE_NLS='yes'
VERSION='1.12'
WCHAR_H=''
WCHAR_T_SUFFIX=''
WINDRES=''
WINT_T_SUFFIX=''
WOE32='no'
WOE32DLL='no'
XGETTEXT=':'
XGETTEXT_015=':'
XGETTEXT_EXTRA_OPTIONS=' --flag=error:3:c-format --flag=error_at_line:5:c-format'
ac_ct_CC=''
ac_ct_CXX=''
ac_ct_F77=''
am__fastdepCC_FALSE=''
am__fastdepCC_TRUE='#'
am__fastdepCXX_FALSE=''
am__fastdepCXX_TRUE='#'
am__include='include'
am__isrc=''
am__leading_dot='.'
am__quote=''
am__tar='${AMTAR} chof - "$$tardir"'
am__untar='${AMTAR} xf -'
bindir='${exec_prefix}/bin'
build='x86_64-pc-none'
build_alias='x86_64'
build_cpu='x86_64'
build_os='none'
build_vendor='pc'
datadir='${datarootdir}'
datarootdir='${prefix}/share'
docdir='${datarootdir}/doc/${PACKAGE}'
dvidir='${docdir}'
exec_prefix='${prefix}'
gl_LIBOBJS=''
gl_LTLIBOBJS=''
host='mipsel-unknown-linux-gnu'
host_alias='mipsel-linux'
host_cpu='mipsel'
host_os='linux-gnu'
host_vendor='unknown'
htmldir='${docdir}'
includedir='${prefix}/include'
infodir='${datarootdir}/info'
install_sh='$(SHELL) /home/korki/official_wdtv/villa_1.05.04_V_G/src/libs/libiconv-1.12/libiconv-1.12/build-aux/install-sh'
libdir='${exec_prefix}/lib'
libexecdir='${exec_prefix}/libexec'
localedir='${datarootdir}/locale'
localstatedir='${prefix}/var'
mandir='${datarootdir}/man'
mkdir_p='/bin/mkdir -p'
oldincludedir='/usr/include'
pdfdir='${docdir}'
prefix='/home/korki/official_wdtv/villa_1.05.04_V_G/src/libs/../../build/binary/third_party_build/'
program_transform_name='s,x,x,'
psdir='${docdir}'
sbindir='${exec_prefix}/sbin'
sharedstatedir='${prefix}/com'
subdirs=' libcharset'
sysconfdir='${prefix}/etc'
target_alias=''

## ----------- ##
## confdefs.h. ##
## ----------- ##

#define PACKAGE_NAME ""
#define PACKAGE_TARNAME ""
#define PACKAGE_VERSION ""
#define PACKAGE_STRING ""
#define PACKAGE_BUGREPORT ""
#define PACKAGE "libiconv"
#define VERSION "1.12"
#define _GNU_SOURCE 1
#define STDC_HEADERS 1
#define HAVE_SYS_TYPES_H 1
#define HAVE_SYS_STAT_H 1
#define HAVE_STDLIB_H 1
#define HAVE_STRING_H 1
#define HAVE_MEMORY_H 1
#define HAVE_STRINGS_H 1
#define HAVE_INTTYPES_H 1
#define HAVE_STDINT_H 1
#define HAVE_UNISTD_H 1
#define __EXTENSIONS__ 1
#define _ALL_SOURCE 1
#define _GNU_SOURCE 1
#define _POSIX_PTHREAD_SEMANTICS 1
#define _TANDEM_SOURCE 1
#define INSTALLPREFIX "/home/korki/official_wdtv/villa_1.05.04_V_G/src/libs/../../build/binary/third_party_build/"
#define HAVE_DLFCN_H 1
#define HAVE_VISIBILITY 1
#define HAVE_ICONV 1
#define ICONV_CONST 
#define ENABLE_NLS 1
#define HAVE_GETTEXT 1
#define HAVE_DCGETTEXT 1
#define HAVE_MBSTATE_T 1
#define HAVE_WCHAR_T 1
#define HAVE_GETC_UNLOCKED 1
#define HAVE_MBRTOWC 1
#define HAVE_WCRTOMB 1
#define HAVE_MBSINIT 1
#define HAVE_SETLOCALE 1
#define HAVE_MEMMOVE 1
#define HAVE_LANGINFO_CODESET 1
#define HAVE_WCHAR_H 1
#define WORDS_LITTLEENDIAN 1
#define HAVE_ALLOCA_H 1
#define HAVE_ALLOCA 1
#define HAVE_STDLIB_H 1
#define HAVE_STRING_H 1
#define HAVE_SYS_PARAM_H 1
#define HAVE_UNISTD_H 1
#define HAVE_STDINT_H 1
#define HAVE_WCHAR_H 1
#define HAVE_DECL_CANONICALIZE_FILE_NAME 1
#define HAVE_CANONICALIZE_FILE_NAME 1
#define HAVE_GETCWD 1
#define HAVE_READLINK 1
#define HAVE_SETENV 1
#define HAVE_DECL_STRERROR_R 1
#define HAVE_STRERROR_R 1
#define STRERROR_R_CHAR_P 1
#define HAVE_STDLIB_H 1
#define MALLOC_0_IS_NONNULL 0
#define HAVE_LONG_LONG_INT 1
#define HAVE__BOOL 1
#define HAVE_STDBOOL_H 1
#define HAVE_UNSIGNED_LONG_LONG_INT 1
#define HAVE_INCLUDE_NEXT 1
#define restrict __restrict
#define HAVE_DECL_CLEARERR_UNLOCKED 1
#define HAVE_DECL_FEOF_UNLOCKED 1
#define HAVE_DECL_FERROR_UNLOCKED 1
#define HAVE_DECL_FFLUSH_UNLOCKED 1
#define HAVE_DECL_FGETS_UNLOCKED 1
#define HAVE_DECL_FPUTC_UNLOCKED 1
#define HAVE_DECL_FPUTS_UNLOCKED 1
#define HAVE_DECL_FREAD_UNLOCKED 1
#define HAVE_DECL_FWRITE_UNLOCKED 1
#define HAVE_DECL_GETC_UNLOCKED 1
#define HAVE_DECL_GETCHAR_UNLOCKED 1
#define HAVE_DECL_PUTC_UNLOCKED 1
#define HAVE_DECL_PUTCHAR_UNLOCKED 1
#define HAVE_MALLOC_POSIX 1
#define HAVE_MBSTATE_T 1
#define HAVE_MEMMOVE 1
#define HAVE_SEARCH_H 1
#define HAVE_TSEARCH 1
#define HAVE_ENVIRON_DECL 1
#define USE_UNLOCKED_IO 1

configure: exit 0
