This file contains any messages produced by compilers while
running configure, to aid debugging if configure makes a mistake.

It was created by configure, which was
generated by GNU Autoconf 2.61.  Invocation command line was

  $ ./configure --prefix=/home/korki/official_wdtv/villa_1.05.04_V_G/src/libs/../../build/binary/third_party_build/ --build=x86_64 --host=mipsel-linux --enable-shared=yes LDFLAGS=-L/home/korki/official_wdtv/villa_1.05.04_V_G/src/libs/../../build/binary/third_party_build//lib build_alias=x86_64 host_alias=mipsel-linux CC=/opt/mips-4.3/bin//mipsel-linux-gcc CPP=/opt/mips-4.3/bin//mipsel-linux-cpp -E --cache-file=/dev/null --srcdir=.

## --------- ##
## Platform. ##
## --------- ##

hostname = di5
uname -m = x86_64
uname -r = 2.6.38-2-amd64
uname -s = Linux
uname -v = #1 SMP Sun May 8 13:51:57 UTC 2011

/usr/bin/uname -p = unknown
/bin/uname -X     = unknown

/bin/arch              = unknown
/usr/bin/arch -k       = unknown
/usr/convex/getsysinfo = unknown
/usr/bin/hostinfo      = unknown
/bin/machine           = unknown
/usr/bin/oslevel       = unknown
/bin/universe          = unknown

PATH: /usr/local/bin
PATH: /usr/bin
PATH: /bin
PATH: /usr/local/games
PATH: /usr/games
PATH: /opt/mips-4.3/bin/
PATH: /opt/mips-4.3/bin/
PATH: /opt/mips-4.3/bin/


## ----------- ##
## Core tests. ##
## ----------- ##

configure:1927: checking whether make sets $(MAKE)
configure:1948: result: yes
configure:1969: checking for mipsel-linux-gcc
configure:1996: result: /opt/mips-4.3/bin//mipsel-linux-gcc
configure:2274: checking for C compiler version
configure:2281: /opt/mips-4.3/bin//mipsel-linux-gcc --version >&5
mips-linux-gnu-gcc (Sourcery G++ Lite 4.3-51) 4.3.2
Copyright (C) 2008 Free Software Foundation, Inc.
This is free software; see the source for copying conditions.  There is NO
warranty; not even for MERCHANTABILITY or FITNESS FOR A PARTICULAR PURPOSE.

configure:2284: $? = 0
configure:2291: /opt/mips-4.3/bin//mipsel-linux-gcc -v >&5
Using built-in specs.
Target: mips-linux-gnu
Configured with: /scratch/clm/2008q3-src/src/gcc-4.3/configure --build=i686-pc-linux-gnu --host=i686-pc-linux-gnu --target=mips-linux-gnu --enable-threads --disable-libmudflap --disable-libssp --disable-libstdcxx-pch --with-arch=mips32r2 --with-float=hard --enable-mips-nonpic --enable-extra-sgxxlite-multilibs --with-gnu-as --with-gnu-ld --enable-languages=c,c++ --enable-shared --enable-symvers=gnu --enable-__cxa_atexit --with-pkgversion='Sourcery G++ Lite 4.3-51' --with-bugurl=https://support.codesourcery.com/GNUToolchain/ --disable-nls --prefix=/opt/codesourcery --with-sysroot=/opt/codesourcery/mips-linux-gnu/libc --with-build-sysroot=/scratch/clm/2008q3-lite/install/mips-linux-gnu/libc --with-gmp=/scratch/clm/2008q3-lite/obj/host-libs-4.3-51-mips-linux-gnu-i686-pc-linux-gnu/usr --with-mpfr=/scratch/clm/2008q3-lite/obj/host-libs-4.3-51-mips-linux-gnu-i686-pc-linux-gnu/usr --disable-libgomp --enable-poison-system-directories --with-build-time-tools=/scratch/clm/2008q3-lite/install/mips-linux-gnu/bin --with-build-time-tools=/scratch/clm/2008q3-lite/install/mips-linux-gnu/bin
Thread model: posix
gcc version 4.3.2 (Sourcery G++ Lite 4.3-51) 
configure:2294: $? = 0
configure:2301: /opt/mips-4.3/bin//mipsel-linux-gcc -V >&5
mips-linux-gnu-gcc: '-V' must come at the start of the command line
configure:2304: $? = 1
configure:2327: checking for C compiler default output file name
configure:2354: /opt/mips-4.3/bin//mipsel-linux-gcc   -L/home/korki/official_wdtv/villa_1.05.04_V_G/src/libs/../../build/binary/third_party_build//lib conftest.c  >&5
configure:2357: $? = 0
configure:2395: result: a.out
configure:2412: checking whether the C compiler works
configure:2442: result: yes
configure:2449: checking whether we are cross compiling
configure:2451: result: yes
configure:2454: checking for suffix of executables
configure:2461: /opt/mips-4.3/bin//mipsel-linux-gcc -o conftest   -L/home/korki/official_wdtv/villa_1.05.04_V_G/src/libs/../../build/binary/third_party_build//lib conftest.c  >&5
configure:2464: $? = 0
configure:2488: result: 
configure:2494: checking for suffix of object files
configure:2520: /opt/mips-4.3/bin//mipsel-linux-gcc -c   conftest.c >&5
configure:2523: $? = 0
configure:2546: result: o
configure:2550: checking whether we are using the GNU C compiler
configure:2579: /opt/mips-4.3/bin//mipsel-linux-gcc -c   conftest.c >&5
configure:2585: $? = 0
configure:2602: result: yes
configure:2607: checking whether /opt/mips-4.3/bin//mipsel-linux-gcc accepts -g
configure:2637: /opt/mips-4.3/bin//mipsel-linux-gcc -c -g  conftest.c >&5
configure:2643: $? = 0
configure:2742: result: yes
configure:2759: checking for /opt/mips-4.3/bin//mipsel-linux-gcc option to accept ISO C89
configure:2833: /opt/mips-4.3/bin//mipsel-linux-gcc  -c -g -O2  conftest.c >&5
configure:2839: $? = 0
configure:2862: result: none needed
configure:2885: checking how to run the C preprocessor
configure:3001: result: /opt/mips-4.3/bin//mipsel-linux-cpp -E
configure:3030: /opt/mips-4.3/bin//mipsel-linux-cpp -E  conftest.c
configure:3036: $? = 0
configure:3067: /opt/mips-4.3/bin//mipsel-linux-cpp -E  conftest.c
conftest.c:8:28: error: ac_nonexistent.h: No such file or directory
configure:3073: $? = 1
configure: failed program was:
| /* confdefs.h.  */
| #define PACKAGE_NAME ""
| #define PACKAGE_TARNAME ""
| #define PACKAGE_VERSION ""
| #define PACKAGE_STRING ""
| #define PACKAGE_BUGREPORT ""
| /* end confdefs.h.  */
| #include <ac_nonexistent.h>
configure:3123: checking for a BSD-compatible install
configure:3179: result: /usr/bin/install -c
configure:3198: checking build system type
configure:3216: result: x86_64-pc-none
configure:3238: checking host system type
configure:3253: result: mipsel-unknown-linux-gnu
configure:3278: checking whether to activate relocatable installation
configure:3293: result: no
configure:3332: checking for grep that handles long lines and -e
configure:3406: result: /bin/grep
configure:3411: checking for egrep
configure:3489: result: /bin/grep -E
configure:3495: checking for AIX
configure:3517: result: no
configure:3523: checking for ANSI C header files
configure:3553: /opt/mips-4.3/bin//mipsel-linux-gcc -c -g -O2  conftest.c >&5
configure:3559: $? = 0
configure:3687: result: yes
configure:3711: checking for sys/types.h
configure:3732: /opt/mips-4.3/bin//mipsel-linux-gcc -c -g -O2  conftest.c >&5
configure:3738: $? = 0
configure:3754: result: yes
configure:3711: checking for sys/stat.h
configure:3732: /opt/mips-4.3/bin//mipsel-linux-gcc -c -g -O2  conftest.c >&5
configure:3738: $? = 0
configure:3754: result: yes
configure:3711: checking for stdlib.h
configure:3732: /opt/mips-4.3/bin//mipsel-linux-gcc -c -g -O2  conftest.c >&5
configure:3738: $? = 0
configure:3754: result: yes
configure:3711: checking for string.h
configure:3732: /opt/mips-4.3/bin//mipsel-linux-gcc -c -g -O2  conftest.c >&5
configure:3738: $? = 0
configure:3754: result: yes
configure:3711: checking for memory.h
configure:3732: /opt/mips-4.3/bin//mipsel-linux-gcc -c -g -O2  conftest.c >&5
configure:3738: $? = 0
configure:3754: result: yes
configure:3711: checking for strings.h
configure:3732: /opt/mips-4.3/bin//mipsel-linux-gcc -c -g -O2  conftest.c >&5
configure:3738: $? = 0
configure:3754: result: yes
configure:3711: checking for inttypes.h
configure:3732: /opt/mips-4.3/bin//mipsel-linux-gcc -c -g -O2  conftest.c >&5
configure:3738: $? = 0
configure:3754: result: yes
configure:3711: checking for stdint.h
configure:3732: /opt/mips-4.3/bin//mipsel-linux-gcc -c -g -O2  conftest.c >&5
configure:3738: $? = 0
configure:3754: result: yes
configure:3711: checking for unistd.h
configure:3732: /opt/mips-4.3/bin//mipsel-linux-gcc -c -g -O2  conftest.c >&5
configure:3738: $? = 0
configure:3754: result: yes
configure:3776: checking minix/config.h usability
configure:3793: /opt/mips-4.3/bin//mipsel-linux-gcc -c -g -O2  conftest.c >&5
conftest.c:52:26: error: minix/config.h: No such file or directory
configure:3799: $? = 1
configure: failed program was:
| /* confdefs.h.  */
| #define PACKAGE_NAME ""
| #define PACKAGE_TARNAME ""
| #define PACKAGE_VERSION ""
| #define PACKAGE_STRING ""
| #define PACKAGE_BUGREPORT ""
| #define INSTALLPREFIX "/home/korki/official_wdtv/villa_1.05.04_V_G/src/libs/../../build/binary/third_party_build/"
| #define STDC_HEADERS 1
| #define HAVE_SYS_TYPES_H 1
| #define HAVE_SYS_STAT_H 1
| #define HAVE_STDLIB_H 1
| #define HAVE_STRING_H 1
| #define HAVE_MEMORY_H 1
| #define HAVE_STRINGS_H 1
| #define HAVE_INTTYPES_H 1
| #define HAVE_STDINT_H 1
| #define HAVE_UNISTD_H 1
| /* end confdefs.h.  */
| #include <stdio.h>
| #ifdef HAVE_SYS_TYPES_H
| # include <sys/types.h>
| #endif
| #ifdef HAVE_SYS_STAT_H
| # include <sys/stat.h>
| #endif
| #ifdef STDC_HEADERS
| # include <stdlib.h>
| # include <stddef.h>
| #else
| # ifdef HAVE_STDLIB_H
| #  include <stdlib.h>
| # endif
| #endif
| #ifdef HAVE_STRING_H
| # if !defined STDC_HEADERS && defined HAVE_MEMORY_H
| #  include <memory.h>
| # endif
| # include <string.h>
| #endif
| #ifdef HAVE_STRINGS_H
| # include <strings.h>
| #endif
| #ifdef HAVE_INTTYPES_H
| # include <inttypes.h>
| #endif
| #ifdef HAVE_STDINT_H
| # include <stdint.h>
| #endif
| #ifdef HAVE_UNISTD_H
| # include <unistd.h>
| #endif
| #include <minix/config.h>
configure:3813: result: no
configure:3817: checking minix/config.h presence
configure:3832: /opt/mips-4.3/bin//mipsel-linux-cpp -E  conftest.c
conftest.c:19:26: error: minix/config.h: No such file or directory
configure:3838: $? = 1
configure: failed program was:
| /* confdefs.h.  */
| #define PACKAGE_NAME ""
| #define PACKAGE_TARNAME ""
| #define PACKAGE_VERSION ""
| #define PACKAGE_STRING ""
| #define PACKAGE_BUGREPORT ""
| #define INSTALLPREFIX "/home/korki/official_wdtv/villa_1.05.04_V_G/src/libs/../../build/binary/third_party_build/"
| #define STDC_HEADERS 1
| #define HAVE_SYS_TYPES_H 1
| #define HAVE_SYS_STAT_H 1
| #define HAVE_STDLIB_H 1
| #define HAVE_STRING_H 1
| #define HAVE_MEMORY_H 1
| #define HAVE_STRINGS_H 1
| #define HAVE_INTTYPES_H 1
| #define HAVE_STDINT_H 1
| #define HAVE_UNISTD_H 1
| /* end confdefs.h.  */
| #include <minix/config.h>
configure:3852: result: no
configure:3880: checking for minix/config.h
configure:3887: result: no
configure:3996: checking for a sed that does not truncate output
configure:4052: result: /bin/sed
configure:4066: checking for ld used by /opt/mips-4.3/bin//mipsel-linux-gcc
configure:4133: result: /opt/mips-4.3/bin//mipsel-linux-ld
configure:4142: checking if the linker (/opt/mips-4.3/bin//mipsel-linux-ld) is GNU ld
configure:4157: result: yes
configure:4162: checking for /opt/mips-4.3/bin//mipsel-linux-ld option to reload object files
configure:4169: result: -r
configure:4187: checking for BSD-compatible nm
configure:4236: result: /opt/mips-4.3/bin//mipsel-linux-nm
configure:4240: checking whether ln -s works
configure:4244: result: yes
configure:4251: checking how to recognize dependent libraries
configure:4437: result: pass_all
configure:4975: checking dlfcn.h usability
configure:4992: /opt/mips-4.3/bin//mipsel-linux-gcc -c -g -O2  conftest.c >&5
configure:4998: $? = 0
configure:5012: result: yes
configure:5016: checking dlfcn.h presence
configure:5031: /opt/mips-4.3/bin//mipsel-linux-cpp -E  conftest.c
configure:5037: $? = 0
configure:5051: result: yes
configure:5079: checking for dlfcn.h
configure:5087: result: yes
configure:5114: checking for mipsel-linux-g++
configure:5130: found /opt/mips-4.3/bin//mipsel-linux-g++
configure:5141: result: mipsel-linux-g++
configure:5216: checking for C++ compiler version
configure:5223: mipsel-linux-g++ --version >&5
mips-linux-gnu-g++ (Sourcery G++ Lite 4.3-51) 4.3.2
Copyright (C) 2008 Free Software Foundation, Inc.
This is free software; see the source for copying conditions.  There is NO
warranty; not even for MERCHANTABILITY or FITNESS FOR A PARTICULAR PURPOSE.

configure:5226: $? = 0
configure:5233: mipsel-linux-g++ -v >&5
Using built-in specs.
Target: mips-linux-gnu
Configured with: /scratch/clm/2008q3-src/src/gcc-4.3/configure --build=i686-pc-linux-gnu --host=i686-pc-linux-gnu --target=mips-linux-gnu --enable-threads --disable-libmudflap --disable-libssp --disable-libstdcxx-pch --with-arch=mips32r2 --with-float=hard --enable-mips-nonpic --enable-extra-sgxxlite-multilibs --with-gnu-as --with-gnu-ld --enable-languages=c,c++ --enable-shared --enable-symvers=gnu --enable-__cxa_atexit --with-pkgversion='Sourcery G++ Lite 4.3-51' --with-bugurl=https://support.codesourcery.com/GNUToolchain/ --disable-nls --prefix=/opt/codesourcery --with-sysroot=/opt/codesourcery/mips-linux-gnu/libc --with-build-sysroot=/scratch/clm/2008q3-lite/install/mips-linux-gnu/libc --with-gmp=/scratch/clm/2008q3-lite/obj/host-libs-4.3-51-mips-linux-gnu-i686-pc-linux-gnu/usr --with-mpfr=/scratch/clm/2008q3-lite/obj/host-libs-4.3-51-mips-linux-gnu-i686-pc-linux-gnu/usr --disable-libgomp --enable-poison-system-directories --with-build-time-tools=/scratch/clm/2008q3-lite/install/mips-linux-gnu/bin --with-build-time-tools=/scratch/clm/2008q3-lite/install/mips-linux-gnu/bin
Thread model: posix
gcc version 4.3.2 (Sourcery G++ Lite 4.3-51) 
configure:5236: $? = 0
configure:5243: mipsel-linux-g++ -V >&5
mips-linux-gnu-g++: argument to '-V' missing

configure:5246: $? = 1
configure:5249: checking whether we are using the GNU C++ compiler
configure:5278: mipsel-linux-g++ -c   conftest.cpp >&5
configure:5284: $? = 0
configure:5301: result: yes
configure:5306: checking whether mipsel-linux-g++ accepts -g
configure:5336: mipsel-linux-g++ -c -g  conftest.cpp >&5
configure:5342: $? = 0
configure:5441: result: yes
configure:5474: checking how to run the C++ preprocessor
configure:5510: mipsel-linux-g++ -E  conftest.cpp
configure:5516: $? = 0
configure:5547: mipsel-linux-g++ -E  conftest.cpp
conftest.cpp:20:28: error: ac_nonexistent.h: No such file or directory
configure:5553: $? = 1
configure: failed program was:
| /* confdefs.h.  */
| #define PACKAGE_NAME ""
| #define PACKAGE_TARNAME ""
| #define PACKAGE_VERSION ""
| #define PACKAGE_STRING ""
| #define PACKAGE_BUGREPORT ""
| #define INSTALLPREFIX "/home/korki/official_wdtv/villa_1.05.04_V_G/src/libs/../../build/binary/third_party_build/"
| #define STDC_HEADERS 1
| #define HAVE_SYS_TYPES_H 1
| #define HAVE_SYS_STAT_H 1
| #define HAVE_STDLIB_H 1
| #define HAVE_STRING_H 1
| #define HAVE_MEMORY_H 1
| #define HAVE_STRINGS_H 1
| #define HAVE_INTTYPES_H 1
| #define HAVE_STDINT_H 1
| #define HAVE_UNISTD_H 1
| #define HAVE_DLFCN_H 1
| /* end confdefs.h.  */
| #include <ac_nonexistent.h>
configure:5586: result: mipsel-linux-g++ -E
configure:5615: mipsel-linux-g++ -E  conftest.cpp
configure:5621: $? = 0
configure:5652: mipsel-linux-g++ -E  conftest.cpp
conftest.cpp:20:28: error: ac_nonexistent.h: No such file or directory
configure:5658: $? = 1
configure: failed program was:
| /* confdefs.h.  */
| #define PACKAGE_NAME ""
| #define PACKAGE_TARNAME ""
| #define PACKAGE_VERSION ""
| #define PACKAGE_STRING ""
| #define PACKAGE_BUGREPORT ""
| #define INSTALLPREFIX "/home/korki/official_wdtv/villa_1.05.04_V_G/src/libs/../../build/binary/third_party_build/"
| #define STDC_HEADERS 1
| #define HAVE_SYS_TYPES_H 1
| #define HAVE_SYS_STAT_H 1
| #define HAVE_STDLIB_H 1
| #define HAVE_STRING_H 1
| #define HAVE_MEMORY_H 1
| #define HAVE_STRINGS_H 1
| #define HAVE_INTTYPES_H 1
| #define HAVE_STDINT_H 1
| #define HAVE_UNISTD_H 1
| #define HAVE_DLFCN_H 1
| /* end confdefs.h.  */
| #include <ac_nonexistent.h>
configure:5707: checking for mipsel-linux-g77
configure:5737: result: no
configure:5707: checking for mipsel-linux-xlf
configure:5737: result: no
configure:5707: checking for mipsel-linux-f77
configure:5737: result: no
configure:5707: checking for mipsel-linux-frt
configure:5737: result: no
configure:5707: checking for mipsel-linux-pgf77
configure:5737: result: no
configure:5707: checking for mipsel-linux-cf77
configure:5737: result: no
configure:5707: checking for mipsel-linux-fort77
configure:5737: result: no
configure:5707: checking for mipsel-linux-fl32
configure:5737: result: no
configure:5707: checking for mipsel-linux-af77
configure:5737: result: no
configure:5707: checking for mipsel-linux-xlf90
configure:5737: result: no
configure:5707: checking for mipsel-linux-f90
configure:5737: result: no
configure:5707: checking for mipsel-linux-pgf90
configure:5737: result: no
configure:5707: checking for mipsel-linux-pghpf
configure:5737: result: no
configure:5707: checking for mipsel-linux-epcf90
configure:5737: result: no
configure:5707: checking for mipsel-linux-gfortran
configure:5737: result: no
configure:5707: checking for mipsel-linux-g95
configure:5737: result: no
configure:5707: checking for mipsel-linux-xlf95
configure:5737: result: no
configure:5707: checking for mipsel-linux-f95
configure:5737: result: no
configure:5707: checking for mipsel-linux-fort
configure:5737: result: no
configure:5707: checking for mipsel-linux-ifort
configure:5737: result: no
configure:5707: checking for mipsel-linux-ifc
configure:5737: result: no
configure:5707: checking for mipsel-linux-efc
configure:5737: result: no
configure:5707: checking for mipsel-linux-pgf95
configure:5737: result: no
configure:5707: checking for mipsel-linux-lf95
configure:5737: result: no
configure:5707: checking for mipsel-linux-ftn
configure:5737: result: no
configure:5751: checking for g77
configure:5781: result: no
configure:5751: checking for xlf
configure:5781: result: no
configure:5751: checking for f77
configure:5781: result: no
configure:5751: checking for frt
configure:5781: result: no
configure:5751: checking for pgf77
configure:5781: result: no
configure:5751: checking for cf77
configure:5781: result: no
configure:5751: checking for fort77
configure:5781: result: no
configure:5751: checking for fl32
configure:5781: result: no
configure:5751: checking for af77
configure:5781: result: no
configure:5751: checking for xlf90
configure:5781: result: no
configure:5751: checking for f90
configure:5781: result: no
configure:5751: checking for pgf90
configure:5781: result: no
configure:5751: checking for pghpf
configure:5781: result: no
configure:5751: checking for epcf90
configure:5781: result: no
configure:5751: checking for gfortran
configure:5781: result: no
configure:5751: checking for g95
configure:5781: result: no
configure:5751: checking for xlf95
configure:5781: result: no
configure:5751: checking for f95
configure:5781: result: no
configure:5751: checking for fort
configure:5781: result: no
configure:5751: checking for ifort
configure:5781: result: no
configure:5751: checking for ifc
configure:5781: result: no
configure:5751: checking for efc
configure:5781: result: no
configure:5751: checking for pgf95
configure:5781: result: no
configure:5751: checking for lf95
configure:5781: result: no
configure:5751: checking for ftn
configure:5781: result: no
configure:5808: checking for Fortran 77 compiler version
configure:5815:  --version >&5
./configure: line 5816: --version: command not found
configure:5818: $? = 127
configure:5825:  -v >&5
./configure: line 5826: -v: command not found
configure:5828: $? = 127
configure:5835:  -V >&5
./configure: line 5836: -V: command not found
configure:5838: $? = 127
configure:5846: checking whether we are using the GNU Fortran 77 compiler
configure:5865:  -c  conftest.F >&5
./configure: line 5866: -c: command not found
configure:5871: $? = 127
configure: failed program was:
|       program main
| #ifndef __GNUC__
|        choke me
| #endif
| 
|       end
configure:5888: result: no
configure:5894: checking whether  accepts -g
configure:5911:  -c -g conftest.f >&5
./configure: line 5912: -c: command not found
configure:5917: $? = 127
configure: failed program was:
|       program main
| 
|       end
configure:5933: result: no
configure:5963: checking the maximum length of command line arguments
configure:6075: result: 3458764513820540925
configure:6087: checking command to parse /opt/mips-4.3/bin//mipsel-linux-nm output from /opt/mips-4.3/bin//mipsel-linux-gcc object
configure:6192: /opt/mips-4.3/bin//mipsel-linux-gcc -c -g -O2  conftest.c >&5
configure:6195: $? = 0
configure:6199: /opt/mips-4.3/bin//mipsel-linux-nm conftest.o \| sed -n -e 's/^.*[ 	]\([ABCDGIRSTW][ABCDGIRSTW]*\)[ 	][ 	]*\([_A-Za-z][_A-Za-z0-9]*\)$/\1 \2 \2/p' \> conftest.nm
configure:6202: $? = 0
configure:6254: /opt/mips-4.3/bin//mipsel-linux-gcc -o conftest -g -O2  -L/home/korki/official_wdtv/villa_1.05.04_V_G/src/libs/../../build/binary/third_party_build//lib conftest.c conftstm.o >&5
configure:6257: $? = 0
configure:6295: result: ok
configure:6299: checking for objdir
configure:6314: result: .libs
configure:6366: checking for mipsel-linux-ar
configure:6393: result: /opt/mips-4.3/bin//mipsel-linux-ar
configure:6462: checking for mipsel-linux-ranlib
configure:6489: result: /opt/mips-4.3/bin//mipsel-linux-ranlib
configure:6558: checking for mipsel-linux-strip
configure:6585: result: /opt/mips-4.3/bin//mipsel-linux-strip
configure:6915: checking if /opt/mips-4.3/bin//mipsel-linux-gcc supports -fno-rtti -fno-exceptions
configure:6933: /opt/mips-4.3/bin//mipsel-linux-gcc -c -g -O2  -fno-rtti -fno-exceptions conftest.c >&5
cc1: warning: command line option "-fno-rtti" is valid for C++/ObjC++ but not for C
configure:6937: $? = 0
configure:6950: result: no
configure:6965: checking for /opt/mips-4.3/bin//mipsel-linux-gcc option to produce PIC
configure:7200: result: -fPIC
configure:7208: checking if /opt/mips-4.3/bin//mipsel-linux-gcc PIC flag -fPIC works
configure:7226: /opt/mips-4.3/bin//mipsel-linux-gcc -c -g -O2  -fPIC -DPIC conftest.c >&5
configure:7230: $? = 0
configure:7243: result: yes
configure:7271: checking if /opt/mips-4.3/bin//mipsel-linux-gcc static flag -static works
configure:7299: result: yes
configure:7309: checking if /opt/mips-4.3/bin//mipsel-linux-gcc supports -c -o file.o
configure:7330: /opt/mips-4.3/bin//mipsel-linux-gcc -c -g -O2  -o out/conftest2.o conftest.c >&5
configure:7334: $? = 0
configure:7356: result: yes
configure:7382: checking whether the /opt/mips-4.3/bin//mipsel-linux-gcc linker (/opt/mips-4.3/bin//mipsel-linux-ld) supports shared libraries
configure:8362: result: yes
configure:8383: checking whether -lc should be explicitly linked in
configure:8388: /opt/mips-4.3/bin//mipsel-linux-gcc -c -g -O2  conftest.c >&5
configure:8391: $? = 0
configure:8406: /opt/mips-4.3/bin//mipsel-linux-gcc -shared conftest.o  -v -Wl,-soname -Wl,conftest -o conftest 2\>\&1 \| grep  -lc  \>/dev/null 2\>\&1
configure:8409: $? = 0
configure:8421: result: no
configure:8429: checking dynamic linker characteristics
configure:9031: result: GNU/Linux ld.so
configure:9040: checking how to hardcode library paths into programs
configure:9065: result: immediate
configure:9079: checking whether stripping libraries is possible
configure:9084: result: yes
configure:9886: checking if libtool supports shared libraries
configure:9888: result: yes
configure:9891: checking whether to build shared libraries
configure:9912: result: yes
configure:9915: checking whether to build static libraries
configure:9919: result: yes
configure:10012: creating libtool
configure:10600: checking for ld used by mipsel-linux-g++
configure:10667: result: /opt/mips-4.3/bin//mipsel-linux-ld
configure:10676: checking if the linker (/opt/mips-4.3/bin//mipsel-linux-ld) is GNU ld
configure:10691: result: yes
configure:10742: checking whether the mipsel-linux-g++ linker (/opt/mips-4.3/bin//mipsel-linux-ld) supports shared libraries
configure:11716: result: yes
configure:11738: mipsel-linux-g++ -c -g -O2  conftest.cpp >&5
configure:11741: $? = 0
configure:11893: checking for mipsel-linux-g++ option to produce PIC
configure:12177: result: -fPIC
configure:12185: checking if mipsel-linux-g++ PIC flag -fPIC works
configure:12203: mipsel-linux-g++ -c -g -O2  -fPIC -DPIC conftest.cpp >&5
configure:12207: $? = 0
configure:12220: result: yes
configure:12248: checking if mipsel-linux-g++ static flag -static works
configure:12276: result: yes
configure:12286: checking if mipsel-linux-g++ supports -c -o file.o
configure:12307: mipsel-linux-g++ -c -g -O2  -o out/conftest2.o conftest.cpp >&5
configure:12311: $? = 0
configure:12333: result: yes
configure:12359: checking whether the mipsel-linux-g++ linker (/opt/mips-4.3/bin//mipsel-linux-ld) supports shared libraries
configure:12384: result: yes
configure:12451: checking dynamic linker characteristics
configure:13001: result: GNU/Linux ld.so
configure:13010: checking how to hardcode library paths into programs
configure:13035: result: immediate
configure:19221: checking for simple visibility declarations
configure:19253: /opt/mips-4.3/bin//mipsel-linux-gcc -c -g -O2 -fvisibility=hidden  conftest.c >&5
configure:19259: $? = 0
configure:19276: result: yes
configure:19294: checking for nl_langinfo and CODESET
configure:19320: /opt/mips-4.3/bin//mipsel-linux-gcc -o conftest -g -O2  -L/home/korki/official_wdtv/villa_1.05.04_V_G/src/libs/../../build/binary/third_party_build//lib conftest.c  >&5
configure:19326: $? = 0
configure:19344: result: yes
configure:19355: checking whether we are using the GNU C Library 2.1 or newer
configure:19386: result: yes
configure:19396: checking for setlocale
configure:19452: /opt/mips-4.3/bin//mipsel-linux-gcc -o conftest -g -O2  -L/home/korki/official_wdtv/villa_1.05.04_V_G/src/libs/../../build/binary/third_party_build//lib conftest.c  >&5
configure:19458: $? = 0
configure:19476: result: yes
configure:19595: creating ./config.status

## ---------------------- ##
## Running config.status. ##
## ---------------------- ##

This file was extended by config.status, which was
generated by GNU Autoconf 2.61.  Invocation command line was

  CONFIG_FILES    = 
  CONFIG_HEADERS  = 
  CONFIG_LINKS    = 
  CONFIG_COMMANDS = 
  $ ./config.status 

on di5

config.status:630: creating Makefile
config.status:630: creating lib/Makefile
config.status:630: creating include/localcharset.h
config.status:630: creating include/localcharset.h.inst
config.status:630: creating config.h

## ---------------- ##
## Cache variables. ##
## ---------------- ##

ac_cv_build=x86_64-pc-none
ac_cv_c_compiler_gnu=yes
ac_cv_cxx_compiler_gnu=yes
ac_cv_env_CCC_set=
ac_cv_env_CCC_value=
ac_cv_env_CC_set=set
ac_cv_env_CC_value=/opt/mips-4.3/bin//mipsel-linux-gcc
ac_cv_env_CFLAGS_set=
ac_cv_env_CFLAGS_value=
ac_cv_env_CPPFLAGS_set=
ac_cv_env_CPPFLAGS_value=
ac_cv_env_CPP_set=set
ac_cv_env_CPP_value='/opt/mips-4.3/bin//mipsel-linux-cpp -E'
ac_cv_env_CXXCPP_set=
ac_cv_env_CXXCPP_value=
ac_cv_env_CXXFLAGS_set=
ac_cv_env_CXXFLAGS_value=
ac_cv_env_CXX_set=
ac_cv_env_CXX_value=
ac_cv_env_F77_set=
ac_cv_env_F77_value=
ac_cv_env_FFLAGS_set=
ac_cv_env_FFLAGS_value=
ac_cv_env_LDFLAGS_set=set
ac_cv_env_LDFLAGS_value=-L/home/korki/official_wdtv/villa_1.05.04_V_G/src/libs/../../build/binary/third_party_build//lib
ac_cv_env_LIBS_set=
ac_cv_env_LIBS_value=
ac_cv_env_build_alias_set=set
ac_cv_env_build_alias_value=x86_64
ac_cv_env_host_alias_set=set
ac_cv_env_host_alias_value=mipsel-linux
ac_cv_env_target_alias_set=
ac_cv_env_target_alias_value=
ac_cv_f77_compiler_gnu=no
ac_cv_func_setlocale=yes
ac_cv_gnu_library_2_1=yes
ac_cv_header_dlfcn_h=yes
ac_cv_header_inttypes_h=yes
ac_cv_header_memory_h=yes
ac_cv_header_minix_config_h=no
ac_cv_header_stdc=yes
ac_cv_header_stdint_h=yes
ac_cv_header_stdlib_h=yes
ac_cv_header_string_h=yes
ac_cv_header_strings_h=yes
ac_cv_header_sys_stat_h=yes
ac_cv_header_sys_types_h=yes
ac_cv_header_unistd_h=yes
ac_cv_host=mipsel-unknown-linux-gnu
ac_cv_objext=o
ac_cv_path_EGREP='/bin/grep -E'
ac_cv_path_GREP=/bin/grep
ac_cv_path_install='/usr/bin/install -c'
ac_cv_prog_AR=/opt/mips-4.3/bin//mipsel-linux-ar
ac_cv_prog_CC=/opt/mips-4.3/bin//mipsel-linux-gcc
ac_cv_prog_CPP='/opt/mips-4.3/bin//mipsel-linux-cpp -E'
ac_cv_prog_CXX=mipsel-linux-g++
ac_cv_prog_CXXCPP='mipsel-linux-g++ -E'
ac_cv_prog_RANLIB=/opt/mips-4.3/bin//mipsel-linux-ranlib
ac_cv_prog_STRIP=/opt/mips-4.3/bin//mipsel-linux-strip
ac_cv_prog_cc_c89=
ac_cv_prog_cc_g=yes
ac_cv_prog_cxx_g=yes
ac_cv_prog_f77_g=no
ac_cv_prog_make_make_set=yes
am_cv_langinfo_codeset=yes
gl_cv_cc_visibility=yes
lt_cv_deplibs_check_method=pass_all
lt_cv_file_magic_cmd='$MAGIC_CMD'
lt_cv_file_magic_test_file=
lt_cv_ld_reload_flag=-r
lt_cv_objdir=.libs
lt_cv_path_LD=/opt/mips-4.3/bin//mipsel-linux-ld
lt_cv_path_LDCXX=/opt/mips-4.3/bin//mipsel-linux-ld
lt_cv_path_NM=/opt/mips-4.3/bin//mipsel-linux-nm
lt_cv_path_SED=/bin/sed
lt_cv_prog_compiler_c_o=yes
lt_cv_prog_compiler_c_o_CXX=yes
lt_cv_prog_compiler_rtti_exceptions=no
lt_cv_prog_gnu_ld=yes
lt_cv_prog_gnu_ldcxx=yes
lt_cv_sys_global_symbol_pipe='sed -n -e '\''s/^.*[ 	]\([ABCDGIRSTW][ABCDGIRSTW]*\)[ 	][ 	]*\([_A-Za-z][_A-Za-z0-9]*\)$/\1 \2 \2/p'\'''
lt_cv_sys_global_symbol_to_c_name_address='sed -n -e '\''s/^: \([^ ]*\) $/  {\"\1\", (lt_ptr) 0},/p'\'' -e '\''s/^[BCDEGRST] \([^ ]*\) \([^ ]*\)$/  {"\2", (lt_ptr) \&\2},/p'\'''
lt_cv_sys_global_symbol_to_cdecl='sed -n -e '\''s/^. .* \(.*\)$/extern int \1;/p'\'''
lt_cv_sys_max_cmd_len=3458764513820540925
lt_lt_cv_prog_compiler_c_o='"yes"'
lt_lt_cv_prog_compiler_c_o_CXX='"yes"'
lt_lt_cv_sys_global_symbol_pipe='"sed -n -e '\''s/^.*[ 	]\\([ABCDGIRSTW][ABCDGIRSTW]*\\)[ 	][ 	]*\\([_A-Za-z][_A-Za-z0-9]*\\)\$/\\1 \\2 \\2/p'\''"'
lt_lt_cv_sys_global_symbol_to_c_name_address='"sed -n -e '\''s/^: \\([^ ]*\\) \$/  {\\\"\\1\\\", (lt_ptr) 0},/p'\'' -e '\''s/^[BCDEGRST] \\([^ ]*\\) \\([^ ]*\\)\$/  {\"\\2\", (lt_ptr) \\&\\2},/p'\''"'
lt_lt_cv_sys_global_symbol_to_cdecl='"sed -n -e '\''s/^. .* \\(.*\\)\$/extern int \\1;/p'\''"'

## ----------------- ##
## Output variables. ##
## ----------------- ##

AR='/opt/mips-4.3/bin//mipsel-linux-ar'
AS='/opt/mips-4.3/bin//mipsel-linux-as'
CC='/opt/mips-4.3/bin//mipsel-linux-gcc'
CFLAGS='-g -O2'
CFLAG_VISIBILITY='-fvisibility=hidden'
CPP='/opt/mips-4.3/bin//mipsel-linux-cpp -E'
CPPFLAGS=''
CXX='mipsel-linux-g++'
CXXCPP='mipsel-linux-g++ -E'
CXXFLAGS='-g -O2'
DEFS='-DHAVE_CONFIG_H'
DLLTOOL='dlltool'
ECHO='echo'
ECHO_C=''
ECHO_N='-n'
ECHO_T=''
EGREP='/bin/grep -E'
EXEEXT=''
F77=''
FFLAGS=''
GLIBC21='yes'
GREP='/bin/grep'
HAVE_VISIBILITY='1'
INSTALL_DATA='${INSTALL} -m 644'
INSTALL_PROGRAM='${INSTALL}'
INSTALL_SCRIPT='${INSTALL}'
LDFLAGS='-L/home/korki/official_wdtv/villa_1.05.04_V_G/src/libs/../../build/binary/third_party_build//lib'
LIBOBJS=''
LIBS=''
LIBTOOL='$(SHELL) $(top_builddir)/libtool'
LN_S='ln -s'
LTLIBOBJS=''
OBJDUMP='/opt/mips-4.3/bin//mipsel-linux-objdump'
OBJEXT='o'
PACKAGE=''
PACKAGE_BUGREPORT=''
PACKAGE_NAME=''
PACKAGE_STRING=''
PACKAGE_TARNAME=''
PACKAGE_VERSION=''
PATH_SEPARATOR=':'
RANLIB='/opt/mips-4.3/bin//mipsel-linux-ranlib'
RELOCATABLE='no'
SED='/bin/sed'
SET_MAKE=''
SHELL='/bin/bash'
STRIP='/opt/mips-4.3/bin//mipsel-linux-strip'
VERSION=''
ac_ct_CC=''
ac_ct_CXX=''
ac_ct_F77=''
bindir='${exec_prefix}/bin'
build='x86_64-pc-none'
build_alias='x86_64'
build_cpu='x86_64'
build_os='none'
build_vendor='pc'
datadir='${datarootdir}'
datarootdir='${prefix}/share'
docdir='${datarootdir}/doc/${PACKAGE}'
dvidir='${docdir}'
exec_prefix='${prefix}'
host='mipsel-unknown-linux-gnu'
host_alias='mipsel-linux'
host_cpu='mipsel'
host_os='linux-gnu'
host_vendor='unknown'
htmldir='${docdir}'
includedir='${prefix}/include'
infodir='${datarootdir}/info'
libdir='${exec_prefix}/lib'
libexecdir='${exec_prefix}/libexec'
localedir='${datarootdir}/locale'
localstatedir='${prefix}/var'
mandir='${datarootdir}/man'
oldincludedir='/usr/include'
pdfdir='${docdir}'
prefix='/home/korki/official_wdtv/villa_1.05.04_V_G/src/libs/../../build/binary/third_party_build/'
program_transform_name='s,x,x,'
psdir='${docdir}'
sbindir='${exec_prefix}/sbin'
sharedstatedir='${prefix}/com'
sysconfdir='${prefix}/etc'
target_alias=''

## ----------- ##
## confdefs.h. ##
## ----------- ##

#define PACKAGE_NAME ""
#define PACKAGE_TARNAME ""
#define PACKAGE_VERSION ""
#define PACKAGE_STRING ""
#define PACKAGE_BUGREPORT ""
#define INSTALLPREFIX "/home/korki/official_wdtv/villa_1.05.04_V_G/src/libs/../../build/binary/third_party_build/"
#define STDC_HEADERS 1
#define HAVE_SYS_TYPES_H 1
#define HAVE_SYS_STAT_H 1
#define HAVE_STDLIB_H 1
#define HAVE_STRING_H 1
#define HAVE_MEMORY_H 1
#define HAVE_STRINGS_H 1
#define HAVE_INTTYPES_H 1
#define HAVE_STDINT_H 1
#define HAVE_UNISTD_H 1
#define HAVE_DLFCN_H 1
#define HAVE_VISIBILITY 1
#define HAVE_LANGINFO_CODESET 1
#define HAVE_SETLOCALE 1

configure: exit 0
